0 51 54 55 57 34 45 44 28 14 15 27 20 8 18 17 10 12 36 26 43 31 1 : 2957.93
0 51 54 55 57 34 33 49 38 14 15 27 20 8 18 17 10 12 36 26 43 31 1 : 2959.38
0 51 54 55 57 34 45 44 28 14 15 27 19 18 17 10 12 36 26 43 31 1 : 2963.9
0 51 54 55 57 34 33 49 28 14 15 27 20 8 18 17 10 12 36 26 43 31 1 : 2964.92
0 51 54 55 57 34 33 49 38 14 15 27 19 18 17 10 12 36 26 43 31 1 : 2965.35
0 51 54 55 57 34 45 44 28 14 15 27 20 8 18 17 10 25 26 43 31 1 : 2969.66
0 51 54 55 57 34 33 49 28 14 15 27 19 18 17 10 12 36 26 43 31 1 : 2970.88
0 51 54 55 57 34 45 44 28 14 15 27 20 8 18 17 10 25 36 26 43 31 1 : 2970.98
0 51 54 55 57 34 33 49 38 14 15 27 20 8 18 17 10 25 26 43 31 1 : 2971.12
0 51 54 55 57 34 33 49 38 14 15 27 20 8 18 17 10 25 36 26 43 31 1 : 2972.43


Description: env_cubicles1.graphml:alg_Eppstein's K shortest paths:length_3500
 Found 10 of 10 requested paths.
	shortest path length is 2957.93
	longest path length is 2972.43 (1.0049 times as long)
	mean distance to nearest neighbor is 554.929
 Completed in 0.02 seconds


0 51 54 55 57 34 45 44 28 14 15 27 20 8 18 17 10 12 36 26 43 31 1 : 2957.93
0 51 54 55 57 34 33 49 38 14 15 27 20 8 18 17 10 12 36 26 43 31 1 : 2959.38
0 51 54 55 57 34 45 44 28 14 15 27 19 18 17 10 12 36 26 43 31 1 : 2963.9
0 51 54 55 57 34 33 49 28 14 15 27 20 8 18 17 10 12 36 26 43 31 1 : 2964.92
0 51 54 55 57 34 33 49 38 14 15 27 19 18 17 10 12 36 26 43 31 1 : 2965.35
0 51 54 55 57 34 45 44 28 14 15 27 20 8 18 17 10 25 26 43 31 1 : 2969.66
0 51 54 55 57 34 33 49 28 14 15 27 19 18 17 10 12 36 26 43 31 1 : 2970.88
0 51 54 55 57 34 45 44 28 14 15 27 20 8 18 17 10 25 36 26 43 31 1 : 2970.98
0 51 54 55 57 34 33 49 38 14 15 27 20 8 18 17 10 25 26 43 31 1 : 2971.12
0 51 54 55 57 34 33 49 38 14 15 27 20 8 18 17 10 25 36 26 43 31 1 : 2972.43


Description: env_cubicles1.graphml:alg_Eppstein's K shortest paths:dist_300
 Found 10 of 10 requested paths.
	shortest path length is 2957.93
	longest path length is 2972.43 (1.0049 times as long)
	mean distance to nearest neighbor is 554.929
 Completed in 0.02 seconds


0 51 54 55 57 34 45 44 28 14 15 27 20 8 18 17 10 12 36 26 43 31 1 : 2957.93
0 51 54 55 57 34 33 49 38 14 15 27 20 8 18 17 10 12 36 26 43 31 1 : 2959.38
0 51 54 55 57 34 45 44 28 14 15 27 19 18 17 10 12 36 26 43 31 1 : 2963.9
0 51 54 55 57 34 45 44 28 14 15 27 20 8 18 17 10 25 26 43 31 1 : 2969.66
0 51 54 55 57 34 45 44 28 14 15 27 20 8 18 17 10 12 36 26 43 42 1 : 2998.81
0 51 54 55 57 34 45 44 28 14 15 27 20 8 18 17 10 12 36 41 31 1 : 2982.96
0 51 54 55 57 34 45 44 28 14 15 27 20 8 18 30 11 10 12 36 26 43 31 1 : 3152.55
0 51 54 55 57 34 45 44 28 14 15 27 20 8 7 17 10 12 36 26 43 31 1 : 3009.33
0 51 54 55 57 34 33 49 38 14 15 27 20 8 7 17 10 12 36 26 43 31 1 : 3010.78
0 51 54 55 57 34 33 49 38 14 15 27 20 8 18 17 10 12 36 41 31 1 : 2984.41


Description: env_cubicles1.graphml:alg_Random Neighborhood Avoidance:radius_0.0025:length_3500
 Found 10 of 10 requested paths.
	shortest path length is 2957.93
	longest path length is 3152.55 (1.0658 times as long)
	mean distance to nearest neighbor is 624.046
 Completed in 0.15 seconds


0 51 54 55 57 34 45 44 28 14 15 27 20 8 18 17 10 12 36 26 43 31 1 : 2957.93
0 51 54 55 57 34 45 44 28 14 15 27 19 18 17 10 12 36 26 43 31 1 : 2963.9
0 51 54 55 57 34 45 44 28 14 15 27 20 8 18 30 11 10 12 36 26 43 31 1 : 3152.55
0 51 54 55 57 34 45 44 28 14 15 27 20 8 18 17 10 12 36 41 31 1 : 2982.96
0 51 54 55 57 34 45 44 28 14 15 27 20 8 18 17 10 12 36 26 43 42 1 : 2998.81
0 51 54 55 57 34 33 49 38 14 15 27 20 8 18 17 10 12 36 26 43 31 1 : 2959.38
0 51 54 55 57 34 45 44 28 14 15 27 20 8 18 17 10 25 26 43 31 1 : 2969.66
0 51 54 55 57 34 45 44 28 14 15 27 20 8 7 17 10 12 36 26 43 31 1 : 3009.33
0 51 54 55 57 34 45 44 28 14 15 27 19 18 17 10 12 36 41 31 1 : 2988.92
0 51 54 55 57 34 45 44 28 14 15 27 19 18 17 10 25 26 43 31 1 : 2975.63


Description: env_cubicles1.graphml:alg_Random Neighborhood Avoidance:radius_0.0025:dist_300
 Found 10 of 10 requested paths.
	shortest path length is 2957.93
	longest path length is 3152.55 (1.0658 times as long)
	mean distance to nearest neighbor is 667.53
 Completed in 0.18 seconds


0 51 54 55 57 34 45 44 28 14 15 27 20 8 18 17 10 12 36 26 43 31 1 : 2957.93
0 51 54 55 57 34 45 44 28 14 15 27 19 18 17 10 12 36 26 43 31 1 : 2963.9
0 51 54 55 57 34 33 49 38 14 15 27 20 8 18 17 10 12 36 26 43 31 1 : 2959.38
0 51 54 55 57 34 45 44 28 14 15 27 20 8 18 17 10 12 36 26 43 42 1 : 2998.81
0 51 54 55 57 34 45 44 28 14 15 27 20 8 7 17 10 12 36 26 43 31 1 : 3009.33
0 51 54 55 57 34 45 44 28 14 15 27 20 8 18 17 10 12 36 41 31 1 : 2982.96
0 51 54 55 57 34 33 49 38 14 15 27 19 18 17 10 12 36 26 43 31 1 : 2965.35
0 51 54 55 57 34 45 44 28 14 15 27 19 18 17 10 12 36 41 31 1 : 2988.92
0 51 54 55 57 34 45 44 28 14 15 27 19 18 17 10 25 26 43 31 1 : 2975.63
0 51 54 55 57 34 45 44 28 14 15 27 19 18 17 10 12 36 26 43 42 1 : 3004.78


Description: env_cubicles1.graphml:alg_Random Neighborhood Avoidance:radius_0.005:length_3500
 Found 10 of 10 requested paths.
	shortest path length is 2957.93
	longest path length is 3009.33 (1.01737 times as long)
	mean distance to nearest neighbor is 600.388
 Completed in 0.46 seconds


0 51 54 55 57 34 45 44 28 14 15 27 20 8 18 17 10 12 36 26 43 31 1 : 2957.93
0 51 54 55 57 34 45 44 28 14 15 27 20 8 7 17 10 12 36 26 43 31 1 : 3009.33
0 51 54 55 57 34 45 44 28 14 15 27 19 18 17 10 12 36 26 43 31 1 : 2963.9
0 51 54 55 57 34 45 44 28 14 15 27 20 8 18 17 10 12 36 41 31 1 : 2982.96
0 51 54 55 57 34 33 49 38 14 15 27 20 8 18 17 10 12 36 26 43 31 1 : 2959.38
0 51 54 55 57 34 33 49 38 14 15 27 20 8 7 17 10 12 36 26 43 31 1 : 3010.78
0 51 54 55 57 34 45 44 28 14 15 27 20 8 7 17 10 12 36 41 31 1 : 3034.35
0 51 54 55 57 34 45 44 28 14 15 27 20 8 7 17 10 25 26 43 31 1 : 3021.06
0 51 54 55 57 34 45 44 28 14 15 27 20 8 7 17 10 12 36 26 43 42 1 : 3050.21
0 51 54 55 57 34 33 49 38 14 15 27 20 8 7 17 10 12 36 26 43 42 1 : 3051.66


Description: env_cubicles1.graphml:alg_Random Neighborhood Avoidance:radius_0.005:dist_300
 Found 10 of 10 requested paths.
	shortest path length is 2957.93
	longest path length is 3051.66 (1.03169 times as long)
	mean distance to nearest neighbor is 570.455
 Completed in 4.14 seconds


0 51 54 55 57 34 45 44 28 14 15 27 20 8 18 17 10 12 36 26 43 31 1 : 2957.93
0 51 54 55 57 34 45 44 28 14 15 27 20 8 18 17 10 12 36 41 31 1 : 2982.96
0 51 54 55 57 34 33 49 38 14 15 27 20 8 18 17 10 12 36 26 43 31 1 : 2959.38
0 51 54 55 57 34 45 44 28 14 15 27 20 8 18 17 10 25 26 43 31 1 : 2969.66
0 51 54 55 57 34 45 44 28 14 15 27 19 18 17 10 12 36 26 43 31 1 : 2963.9
0 51 54 55 57 34 45 44 28 14 15 27 20 8 18 17 10 12 36 26 43 42 1 : 2998.81
0 51 54 55 57 34 45 44 28 14 15 27 20 8 7 17 10 12 36 26 43 31 1 : 3009.33
0 51 54 55 57 34 45 44 28 14 15 27 20 8 7 17 10 12 36 41 31 1 : 3034.35
0 51 54 55 57 34 45 44 28 14 15 27 20 8 18 30 11 10 12 36 41 31 1 : 3177.57
0 51 54 55 57 34 45 44 28 14 15 27 20 8 18 17 10 25 36 41 31 1 : 2996


Description: env_cubicles1.graphml:alg_Random Neighborhood Avoidance:radius_0.0075:length_3500
 Found 10 of 10 requested paths.
	shortest path length is 2957.93
	longest path length is 3177.57 (1.07426 times as long)
	mean distance to nearest neighbor is 663.441
 Completed in 0.23 seconds


0 51 54 55 57 34 45 44 28 14 15 27 20 8 18 17 10 12 36 26 43 31 1 : 2957.93
0 51 54 55 57 34 45 44 28 14 15 27 19 18 17 10 12 36 26 43 31 1 : 2963.9
0 51 54 55 57 34 45 44 28 14 15 27 20 8 18 17 10 12 36 26 43 42 1 : 2998.81
0 51 54 55 57 34 45 44 28 14 15 27 20 8 18 30 11 10 12 36 26 43 31 1 : 3152.55
0 51 54 55 57 34 45 44 28 14 15 27 20 8 18 17 10 12 36 41 31 1 : 2982.96
0 51 54 55 57 34 45 44 28 14 15 27 20 8 18 17 10 25 26 43 31 1 : 2969.66
0 51 54 55 57 34 33 49 38 14 15 27 20 8 18 17 10 12 36 26 43 31 1 : 2959.38
0 51 54 55 57 34 45 44 28 14 15 27 19 18 17 10 25 26 43 31 1 : 2975.63
0 51 54 55 57 34 45 44 28 14 15 27 19 18 17 10 12 36 41 31 1 : 2988.92
0 51 54 55 57 34 33 49 38 14 15 27 19 18 17 10 12 36 26 43 31 1 : 2965.35


Description: env_cubicles1.graphml:alg_Random Neighborhood Avoidance:radius_0.0075:dist_300
 Found 10 of 10 requested paths.
	shortest path length is 2957.93
	longest path length is 3152.55 (1.0658 times as long)
	mean distance to nearest neighbor is 652.563
 Completed in 0.16 seconds


0 51 54 55 57 34 45 44 28 14 15 27 20 8 18 17 10 12 36 26 43 31 1 : 2957.93
0 51 54 55 57 34 33 49 38 14 15 27 20 8 18 17 10 12 36 26 43 31 1 : 2959.38
0 51 54 55 57 34 45 44 28 14 15 27 20 8 18 17 10 12 36 41 31 1 : 2982.96
0 51 54 55 57 34 45 44 28 14 15 27 19 18 17 10 12 36 26 43 31 1 : 2963.9
0 51 54 55 57 34 45 44 28 14 15 27 20 8 7 17 10 12 36 26 43 31 1 : 3009.33
0 51 54 55 57 34 45 44 28 14 15 27 20 8 18 17 10 25 26 43 31 1 : 2969.66
0 51 54 55 57 34 45 44 28 14 15 27 20 8 18 17 10 12 36 26 43 42 1 : 2998.81
0 51 54 55 57 34 33 49 38 14 15 27 20 8 18 17 10 12 36 41 31 1 : 2984.41
0 51 54 55 57 34 33 49 38 14 15 27 20 8 7 17 10 12 36 26 43 31 1 : 3010.78
0 51 54 55 57 34 33 49 28 14 15 27 20 8 18 17 10 12 36 26 43 31 1 : 2964.92


Description: env_cubicles1.graphml:alg_Random Neighborhood Avoidance:radius_0.01:length_3500
 Found 10 of 10 requested paths.
	shortest path length is 2957.93
	longest path length is 3010.78 (1.01787 times as long)
	mean distance to nearest neighbor is 628.247
 Completed in 0.25 seconds


0 51 54 55 57 34 45 44 28 14 15 27 20 8 18 17 10 12 36 26 43 31 1 : 2957.93
0 51 54 55 57 34 45 44 28 14 15 27 20 8 18 17 10 12 36 41 31 1 : 2982.96
0 51 54 55 57 34 45 44 28 14 15 27 19 18 17 10 12 36 26 43 31 1 : 2963.9
0 51 54 55 57 34 33 49 38 14 15 27 20 8 18 17 10 12 36 26 43 31 1 : 2959.38
0 51 54 55 57 34 45 44 28 14 15 27 20 8 7 17 10 12 36 26 43 31 1 : 3009.33
0 51 54 55 57 34 45 44 28 14 15 27 20 8 18 17 10 25 26 43 31 1 : 2969.66
0 51 54 55 57 34 45 44 28 14 15 27 20 8 18 30 11 10 12 36 26 43 31 1 : 3152.55
0 51 54 55 57 34 45 44 28 14 15 27 20 8 18 17 10 25 36 41 31 1 : 2996
0 51 54 55 57 34 45 44 28 14 15 27 20 8 18 30 11 10 12 36 41 31 1 : 3177.57
0 51 54 55 57 34 33 49 38 14 15 27 20 8 18 17 10 12 36 41 31 1 : 2984.41


Description: env_cubicles1.graphml:alg_Random Neighborhood Avoidance:radius_0.01:dist_300
 Found 10 of 10 requested paths.
	shortest path length is 2957.93
	longest path length is 3177.57 (1.07426 times as long)
	mean distance to nearest neighbor is 653.816
 Completed in 0.17 seconds


0 51 54 55 57 34 45 44 28 14 15 27 20 8 18 17 10 12 36 26 43 31 1 : 2957.93
0 51 54 55 57 34 45 44 28 14 15 27 19 18 17 10 12 36 26 43 31 1 : 2963.9
0 51 54 55 57 34 33 49 38 14 15 27 20 8 18 17 10 12 36 26 43 31 1 : 2959.38
0 51 54 55 57 34 45 44 28 14 15 27 20 8 18 17 10 12 36 41 31 1 : 2982.96
0 51 54 55 57 34 45 44 28 14 15 27 20 8 18 17 10 12 36 26 43 42 1 : 2998.81
0 51 54 55 57 34 45 44 28 14 15 27 20 8 18 17 10 25 26 43 31 1 : 2969.66
0 51 54 55 57 34 45 44 28 14 15 27 20 8 7 17 10 12 36 26 43 31 1 : 3009.33
0 51 54 55 57 34 45 44 28 14 15 27 19 18 17 10 12 36 41 31 1 : 2988.92
0 51 54 55 57 34 33 49 38 14 15 27 19 18 17 10 12 36 26 43 31 1 : 2965.35
0 51 54 55 57 34 45 44 28 14 15 27 19 18 17 10 12 36 26 43 42 1 : 3004.78


Description: env_cubicles1.graphml:alg_Random Neighborhood Avoidance:radius_0.0125:length_3500
 Found 10 of 10 requested paths.
	shortest path length is 2957.93
	longest path length is 3009.33 (1.01737 times as long)
	mean distance to nearest neighbor is 600.388
 Completed in 0.16 seconds


0 51 54 55 57 34 45 44 28 14 15 27 20 8 18 17 10 12 36 26 43 31 1 : 2957.93
0 51 54 55 57 34 33 49 38 14 15 27 20 8 18 17 10 12 36 26 43 31 1 : 2959.38
0 51 54 55 57 34 45 44 28 14 15 27 20 8 18 17 10 25 26 43 31 1 : 2969.66
0 51 54 55 57 34 45 44 28 14 15 27 20 8 7 17 10 12 36 26 43 31 1 : 3009.33
0 51 54 55 57 34 45 44 28 14 15 27 20 8 18 17 10 12 36 41 31 1 : 2982.96
0 51 54 55 57 34 45 44 28 14 15 27 19 18 17 10 12 36 26 43 31 1 : 2963.9
0 51 54 55 57 34 45 44 28 14 15 27 20 8 18 17 10 12 36 26 43 42 1 : 2998.81
0 51 54 55 57 34 33 49 38 14 15 27 20 8 18 17 10 25 26 43 31 1 : 2971.12
0 51 54 55 57 34 33 49 38 14 15 27 20 8 7 17 10 12 36 26 43 31 1 : 3010.78
0 51 54 55 57 34 33 49 38 14 15 27 19 18 17 10 12 36 26 43 31 1 : 2965.35


Description: env_cubicles1.graphml:alg_Random Neighborhood Avoidance:radius_0.0125:dist_300
 Found 10 of 10 requested paths.
	shortest path length is 2957.93
	longest path length is 3010.78 (1.01787 times as long)
	mean distance to nearest neighbor is 695.948
 Completed in 0.23 seconds


0 51 54 55 57 34 45 44 28 14 15 27 20 8 18 17 10 12 36 26 43 31 1 : 2957.93
0 51 54 55 57 34 45 44 28 14 15 27 20 8 18 17 10 25 26 43 31 1 : 2969.66
0 51 54 55 57 34 45 44 28 14 15 27 19 18 17 10 12 36 26 43 31 1 : 2963.9
0 51 54 55 57 34 33 49 38 14 15 27 20 8 18 17 10 12 36 26 43 31 1 : 2959.38
0 51 54 55 57 34 45 44 28 14 15 27 20 8 18 17 10 12 36 41 31 1 : 2982.96
0 51 54 55 57 34 45 44 28 14 15 27 20 8 18 17 10 12 36 26 43 42 1 : 2998.81
0 51 54 55 57 34 45 44 28 14 15 27 20 8 7 17 10 12 36 26 43 31 1 : 3009.33
0 51 54 55 57 34 45 44 28 14 15 27 19 18 17 10 25 26 43 31 1 : 2975.63
0 51 54 55 57 34 45 44 28 14 15 27 20 8 18 30 11 10 25 26 43 31 1 : 3164.28
0 51 54 55 57 34 45 44 28 14 15 27 20 8 18 17 10 25 26 43 42 1 : 3010.55


Description: env_cubicles1.graphml:alg_Random Neighborhood Avoidance:radius_0.015:length_3500
 Found 10 of 10 requested paths.
	shortest path length is 2957.93
	longest path length is 3164.28 (1.06976 times as long)
	mean distance to nearest neighbor is 625.554
 Completed in 0.17 seconds


0 51 54 55 57 34 45 44 28 14 15 27 20 8 18 17 10 12 36 26 43 31 1 : 2957.93
0 51 54 55 57 34 45 44 28 14 15 27 19 18 17 10 12 36 26 43 31 1 : 2963.9
0 51 54 55 57 34 33 49 38 14 15 27 20 8 18 17 10 12 36 26 43 31 1 : 2959.38
0 51 54 55 57 34 45 44 28 14 15 27 20 8 18 17 10 25 26 43 31 1 : 2969.66
0 51 54 55 57 34 45 44 28 14 15 27 20 8 18 17 10 12 36 41 31 1 : 2982.96
0 51 54 55 57 34 33 49 38 14 15 27 19 18 17 10 12 36 26 43 31 1 : 2965.35
0 51 54 55 57 34 45 44 28 14 15 27 19 18 17 10 25 26 43 31 1 : 2975.63
0 51 54 55 57 34 45 44 28 14 15 27 19 18 30 11 10 12 36 26 43 31 1 : 3158.52
0 51 54 55 57 34 45 44 28 14 15 27 19 18 17 10 12 36 41 31 1 : 2988.92
0 51 54 55 57 34 45 44 28 14 15 27 19 18 17 10 12 36 26 43 42 1 : 3004.78


Description: env_cubicles1.graphml:alg_Random Neighborhood Avoidance:radius_0.015:dist_300
 Found 10 of 10 requested paths.
	shortest path length is 2957.93
	longest path length is 3158.52 (1.06781 times as long)
	mean distance to nearest neighbor is 652.563
 Completed in 0.41 seconds


0 51 54 55 57 34 45 44 28 14 15 27 20 8 18 17 10 12 36 26 43 31 1 : 2957.93
0 51 54 55 57 34 33 49 38 14 15 27 20 8 18 17 10 12 36 26 43 31 1 : 2959.38
0 51 54 55 57 34 45 44 28 14 15 27 20 8 18 17 10 12 36 41 31 1 : 2982.96
0 51 54 55 57 34 45 44 28 14 15 27 20 8 18 17 10 25 26 43 31 1 : 2969.66
0 51 54 55 57 34 45 44 28 14 15 27 20 8 7 17 10 12 36 26 43 31 1 : 3009.33
0 51 54 55 57 34 33 49 38 14 15 27 20 8 18 17 10 12 36 41 31 1 : 2984.41
0 51 54 55 57 34 33 49 38 14 15 27 20 8 18 30 11 10 12 36 26 43 31 1 : 3154
0 51 54 55 57 34 33 49 38 14 15 27 20 8 7 17 10 12 36 26 43 31 1 : 3010.78
0 51 54 55 57 34 33 49 38 14 15 27 20 8 18 17 10 12 36 26 43 42 1 : 3000.27
0 51 54 55 57 34 33 49 38 14 15 27 20 8 18 17 10 25 26 43 31 1 : 2971.12


Description: env_cubicles1.graphml:alg_Random Neighborhood Avoidance:radius_0.0175:length_3500
 Found 10 of 10 requested paths.
	shortest path length is 2957.93
	longest path length is 3154 (1.06629 times as long)
	mean distance to nearest neighbor is 620.199
 Completed in 0.32 seconds


0 51 54 55 57 34 45 44 28 14 15 27 20 8 18 17 10 12 36 26 43 31 1 : 2957.93
0 51 54 55 57 34 45 44 28 14 15 27 20 8 18 17 10 12 36 41 31 1 : 2982.96
0 51 54 55 57 34 45 44 28 14 15 27 20 8 7 17 10 12 36 26 43 31 1 : 3009.33
0 51 54 55 57 34 33 49 38 14 15 27 20 8 18 17 10 12 36 26 43 31 1 : 2959.38
0 51 54 55 57 34 45 44 28 14 15 27 20 8 18 17 10 25 26 43 31 1 : 2969.66
0 51 54 55 57 34 45 44 28 14 15 27 20 8 7 17 10 12 36 41 31 1 : 3034.35
0 51 54 55 57 34 45 44 28 14 15 27 20 8 18 17 10 25 36 41 31 1 : 2996
0 51 54 55 57 34 45 44 28 14 15 27 20 8 18 30 11 10 12 36 41 31 1 : 3177.57
0 51 54 55 57 34 33 49 38 14 15 27 20 8 18 17 10 12 36 41 31 1 : 2984.41
0 51 54 55 57 34 45 44 28 14 15 27 19 18 17 10 12 36 41 31 1 : 2988.92


Description: env_cubicles1.graphml:alg_Random Neighborhood Avoidance:radius_0.0175:dist_300
 Found 10 of 10 requested paths.
	shortest path length is 2957.93
	longest path length is 3177.57 (1.07426 times as long)
	mean distance to nearest neighbor is 644.335
 Completed in 0.53 seconds


0 51 54 55 57 34 45 44 28 14 15 27 20 8 18 17 10 12 36 26 43 31 1 : 2957.93
0 51 54 55 57 34 45 44 28 14 15 27 20 8 7 17 10 12 36 26 43 31 1 : 3009.33
0 51 54 55 57 34 45 44 28 14 15 27 20 8 18 17 10 12 36 26 43 42 1 : 2998.81
0 51 54 55 57 34 45 44 28 14 15 27 20 8 18 17 10 25 26 43 31 1 : 2969.66
0 51 54 55 57 34 45 44 28 14 15 27 20 8 7 17 10 25 26 43 31 1 : 3021.06
0 51 54 55 57 34 45 44 28 14 15 27 20 8 7 17 10 12 36 26 43 42 1 : 3050.21
0 51 54 55 57 34 45 44 28 14 15 27 20 8 7 17 10 25 26 43 42 1 : 3061.94


Description: env_cubicles1.graphml:alg_Random Neighborhood Avoidance:radius_0.02:length_3500
 Found 7 of 10 requested paths.
	shortest path length is 2957.93
	longest path length is 3061.94 (1.03516 times as long)
	mean distance to nearest neighbor is 424.388
 Completed in 21.48 seconds


0 51 54 55 57 34 45 44 28 14 15 27 20 8 18 17 10 12 36 26 43 31 1 : 2957.93
0 51 54 55 57 34 45 44 28 14 15 27 20 8 7 17 10 12 36 26 43 31 1 : 3009.33
0 51 54 55 57 34 45 44 28 14 15 27 20 8 18 17 10 25 26 43 31 1 : 2969.66
0 51 54 55 57 34 45 44 28 14 15 27 20 8 7 17 10 25 26 43 31 1 : 3021.06
0 51 54 55 57 34 45 44 28 14 15 27 20 8 7 17 10 12 36 26 43 42 1 : 3050.21
0 51 54 55 57 34 45 44 28 14 15 27 20 8 7 17 10 25 26 43 42 1 : 3061.94


Description: env_cubicles1.graphml:alg_Random Neighborhood Avoidance:radius_0.02:dist_300
 Found 6 of 10 requested paths.
	shortest path length is 2957.93
	longest path length is 3061.94 (1.03516 times as long)
	mean distance to nearest neighbor is 490.555
 Completed in 20.95 seconds


0 51 54 55 57 34 45 44 28 14 15 27 20 8 18 17 10 12 36 26 43 31 1 : 2957.93
0 51 54 55 57 34 45 44 28 14 15 27 20 8 7 17 10 12 36 26 43 31 1 : 3009.33
0 51 54 55 57 34 45 44 28 14 15 27 20 8 18 17 10 25 26 43 31 1 : 2969.66
0 51 54 55 57 34 45 44 28 14 15 27 20 8 7 17 10 25 26 43 31 1 : 3021.06


Description: env_cubicles1.graphml:alg_Random Neighborhood Avoidance:radius_0.0225:length_3500
 Found 4 of 10 requested paths.
	shortest path length is 2957.93
	longest path length is 3021.06 (1.02134 times as long)
	mean distance to nearest neighbor is 722.14
 Completed in 7.65 seconds


0 51 54 55 57 34 45 44 28 14 15 27 20 8 18 17 10 12 36 26 43 31 1 : 2957.93
0 51 54 55 57 34 45 44 28 14 15 27 20 8 18 17 10 25 26 43 31 1 : 2969.66
0 51 54 55 57 34 45 44 28 14 15 27 20 8 7 17 10 12 36 26 43 31 1 : 3009.33
0 51 54 55 57 34 45 44 28 14 15 27 20 8 7 17 10 25 26 43 31 1 : 3021.06


Description: env_cubicles1.graphml:alg_Random Neighborhood Avoidance:radius_0.0225:dist_300
 Found 4 of 10 requested paths.
	shortest path length is 2957.93
	longest path length is 3021.06 (1.02134 times as long)
	mean distance to nearest neighbor is 722.14
 Completed in 2.44 seconds


0 51 54 55 57 34 45 44 28 14 15 27 20 8 18 17 10 12 36 26 43 31 1 : 2957.93
0 51 54 55 57 34 45 44 28 14 15 27 20 8 7 17 10 12 36 26 43 31 1 : 3009.33
0 51 54 55 57 34 45 44 28 14 15 27 20 8 7 17 10 25 26 43 31 1 : 3021.06


Description: env_cubicles1.graphml:alg_Random Neighborhood Avoidance:radius_0.025:length_3500
 Found 3 of 10 requested paths.
	shortest path length is 2957.93
	longest path length is 3021.06 (1.02134 times as long)
	mean distance to nearest neighbor is 763.255
 Completed in 2.86 seconds


0 51 54 55 57 34 45 44 28 14 15 27 20 8 18 17 10 12 36 26 43 31 1 : 2957.93
0 51 54 55 57 34 45 44 28 14 15 27 20 8 7 17 10 12 36 26 43 31 1 : 3009.33
0 51 54 55 57 34 45 44 28 14 15 27 20 8 7 17 10 25 26 43 31 1 : 3021.06


Description: env_cubicles1.graphml:alg_Random Neighborhood Avoidance:radius_0.025:dist_300
 Found 3 of 10 requested paths.
	shortest path length is 2957.93
	longest path length is 3021.06 (1.02134 times as long)
	mean distance to nearest neighbor is 763.255
 Completed in 0.66 seconds


0 51 54 55 57 34 45 44 28 14 15 27 20 8 18 17 10 12 36 26 43 31 1 : 2957.93


Description: env_cubicles1.graphml:alg_Random Neighborhood Avoidance:radius_0.0275:length_3500
 Found 1 of 10 requested paths.
	shortest path length is 2957.93
	longest path length is 2957.93 (1 times as long)
	mean distance to nearest neighbor is inf
 Completed in 0.09 seconds


0 51 54 55 57 34 45 44 28 14 15 27 20 8 18 17 10 12 36 26 43 31 1 : 2957.93


Description: env_cubicles1.graphml:alg_Random Neighborhood Avoidance:radius_0.0275:dist_300
 Found 1 of 10 requested paths.
	shortest path length is 2957.93
	longest path length is 2957.93 (1 times as long)
	mean distance to nearest neighbor is inf
 Completed in 0.09 seconds


0 51 54 55 57 34 45 44 28 14 15 27 20 8 18 17 10 12 36 26 43 31 1 : 2957.93


Description: env_cubicles1.graphml:alg_Random Neighborhood Avoidance:radius_0.03:length_3500
 Found 1 of 10 requested paths.
	shortest path length is 2957.93
	longest path length is 2957.93 (1 times as long)
	mean distance to nearest neighbor is inf
 Completed in 0.09 seconds


0 51 54 55 57 34 45 44 28 14 15 27 20 8 18 17 10 12 36 26 43 31 1 : 2957.93


Description: env_cubicles1.graphml:alg_Random Neighborhood Avoidance:radius_0.03:dist_300
 Found 1 of 10 requested paths.
	shortest path length is 2957.93
	longest path length is 2957.93 (1 times as long)
	mean distance to nearest neighbor is inf
 Completed in 0.08 seconds


0 51 54 55 57 34 45 44 28 14 15 27 20 8 18 17 10 12 36 26 43 31 1 : 2957.93


Description: env_cubicles1.graphml:alg_Random Neighborhood Avoidance:radius_0.0325:length_3500
 Found 1 of 10 requested paths.
	shortest path length is 2957.93
	longest path length is 2957.93 (1 times as long)
	mean distance to nearest neighbor is inf
 Completed in 0.08 seconds


0 51 54 55 57 34 45 44 28 14 15 27 20 8 18 17 10 12 36 26 43 31 1 : 2957.93


Description: env_cubicles1.graphml:alg_Random Neighborhood Avoidance:radius_0.0325:dist_300
 Found 1 of 10 requested paths.
	shortest path length is 2957.93
	longest path length is 2957.93 (1 times as long)
	mean distance to nearest neighbor is inf
 Completed in 0.09 seconds


0 51 54 55 57 34 45 44 28 14 15 27 20 8 18 17 10 12 36 26 43 31 1 : 2957.93


Description: env_cubicles1.graphml:alg_Random Neighborhood Avoidance:radius_0.035:length_3500
 Found 1 of 10 requested paths.
	shortest path length is 2957.93
	longest path length is 2957.93 (1 times as long)
	mean distance to nearest neighbor is inf
 Completed in 0.09 seconds


0 51 54 55 57 34 45 44 28 14 15 27 20 8 18 17 10 12 36 26 43 31 1 : 2957.93


Description: env_cubicles1.graphml:alg_Random Neighborhood Avoidance:radius_0.035:dist_300
 Found 1 of 10 requested paths.
	shortest path length is 2957.93
	longest path length is 2957.93 (1 times as long)
	mean distance to nearest neighbor is inf
 Completed in 0.09 seconds


0 51 54 55 57 34 45 44 28 14 15 27 20 8 18 17 10 12 36 26 43 31 1 : 2957.93


Description: env_cubicles1.graphml:alg_Random Neighborhood Avoidance:radius_0.0375:length_3500
 Found 1 of 10 requested paths.
	shortest path length is 2957.93
	longest path length is 2957.93 (1 times as long)
	mean distance to nearest neighbor is inf
 Completed in 0.08 seconds


0 51 54 55 57 34 45 44 28 14 15 27 20 8 18 17 10 12 36 26 43 31 1 : 2957.93


Description: env_cubicles1.graphml:alg_Random Neighborhood Avoidance:radius_0.0375:dist_300
 Found 1 of 10 requested paths.
	shortest path length is 2957.93
	longest path length is 2957.93 (1 times as long)
	mean distance to nearest neighbor is inf
 Completed in 0.08 seconds


0 51 54 55 57 34 45 44 28 14 15 27 20 8 18 17 10 12 36 26 43 31 1 : 2957.93


Description: env_cubicles1.graphml:alg_Random Neighborhood Avoidance:radius_0.04:length_3500
 Found 1 of 10 requested paths.
	shortest path length is 2957.93
	longest path length is 2957.93 (1 times as long)
	mean distance to nearest neighbor is inf
 Completed in 0.09 seconds


0 51 54 55 57 34 45 44 28 14 15 27 20 8 18 17 10 12 36 26 43 31 1 : 2957.93


Description: env_cubicles1.graphml:alg_Random Neighborhood Avoidance:radius_0.04:dist_300
 Found 1 of 10 requested paths.
	shortest path length is 2957.93
	longest path length is 2957.93 (1 times as long)
	mean distance to nearest neighbor is inf
 Completed in 0.09 seconds


0 51 54 55 57 34 45 44 28 14 15 27 20 8 18 17 10 12 36 26 43 31 1 : 2957.93


Description: env_cubicles1.graphml:alg_Random Neighborhood Avoidance:radius_0.0425:length_3500
 Found 1 of 10 requested paths.
	shortest path length is 2957.93
	longest path length is 2957.93 (1 times as long)
	mean distance to nearest neighbor is inf
 Completed in 0.09 seconds


0 51 54 55 57 34 45 44 28 14 15 27 20 8 18 17 10 12 36 26 43 31 1 : 2957.93


Description: env_cubicles1.graphml:alg_Random Neighborhood Avoidance:radius_0.0425:dist_300
 Found 1 of 10 requested paths.
	shortest path length is 2957.93
	longest path length is 2957.93 (1 times as long)
	mean distance to nearest neighbor is inf
 Completed in 0.09 seconds


0 51 54 55 57 34 45 44 28 14 15 27 20 8 18 17 10 12 36 26 43 31 1 : 2957.93


Description: env_cubicles1.graphml:alg_Random Neighborhood Avoidance:radius_0.045:length_3500
 Found 1 of 10 requested paths.
	shortest path length is 2957.93
	longest path length is 2957.93 (1 times as long)
	mean distance to nearest neighbor is inf
 Completed in 0.08 seconds


0 51 54 55 57 34 45 44 28 14 15 27 20 8 18 17 10 12 36 26 43 31 1 : 2957.93


Description: env_cubicles1.graphml:alg_Random Neighborhood Avoidance:radius_0.045:dist_300
 Found 1 of 10 requested paths.
	shortest path length is 2957.93
	longest path length is 2957.93 (1 times as long)
	mean distance to nearest neighbor is inf
 Completed in 0.08 seconds


0 51 54 55 57 34 45 44 28 14 15 27 20 8 18 17 10 12 36 26 43 31 1 : 2957.93


Description: env_cubicles1.graphml:alg_Random Neighborhood Avoidance:radius_0.0475:length_3500
 Found 1 of 10 requested paths.
	shortest path length is 2957.93
	longest path length is 2957.93 (1 times as long)
	mean distance to nearest neighbor is inf
 Completed in 0.09 seconds


0 51 54 55 57 34 45 44 28 14 15 27 20 8 18 17 10 12 36 26 43 31 1 : 2957.93


Description: env_cubicles1.graphml:alg_Random Neighborhood Avoidance:radius_0.0475:dist_300
 Found 1 of 10 requested paths.
	shortest path length is 2957.93
	longest path length is 2957.93 (1 times as long)
	mean distance to nearest neighbor is inf
 Completed in 0.09 seconds


0 51 54 55 57 34 45 44 28 14 15 27 20 8 18 17 10 12 36 26 43 31 1 : 2957.93


Description: env_cubicles1.graphml:alg_Random Neighborhood Avoidance:radius_0.05:length_3500
 Found 1 of 10 requested paths.
	shortest path length is 2957.93
	longest path length is 2957.93 (1 times as long)
	mean distance to nearest neighbor is inf
 Completed in 0.09 seconds


0 51 54 55 57 34 45 44 28 14 15 27 20 8 18 17 10 12 36 26 43 31 1 : 2957.93


Description: env_cubicles1.graphml:alg_Random Neighborhood Avoidance:radius_0.05:dist_300
 Found 1 of 10 requested paths.
	shortest path length is 2957.93
	longest path length is 2957.93 (1 times as long)
	mean distance to nearest neighbor is inf
 Completed in 0.08 seconds


