0 485 484 272 979 980 1062 881 106 831 832 1160 1262 985 134 136 859 557 556 788 166 571 258 433 39 1028 369 367 368 847 708 193 195 497 269 383 685 686 795 158 160 722 582 580 236 351 275 716 948 162 161 545 277 872 13 90 142 468 411 298 213 363 207 688 100 862 1089 1080 36 35 1243 32 34 211 375 1 : 2795.33
0 485 484 272 979 980 1062 881 106 831 832 1160 1262 985 134 136 859 557 556 788 166 571 258 433 39 1028 369 367 368 847 708 193 195 497 269 383 685 686 795 158 160 722 582 580 236 351 275 716 948 162 161 545 277 872 13 91 1008 435 96 290 156 157 756 99 100 862 1089 1080 36 35 1243 32 34 211 375 1 : 2795.84
0 485 484 272 979 980 1062 881 106 831 832 1160 1262 985 134 136 859 557 556 788 166 571 258 433 39 1028 369 367 368 847 708 194 195 497 269 383 685 686 795 158 160 722 582 580 236 351 275 716 948 162 161 545 277 872 13 90 142 468 411 298 213 363 207 688 100 862 1089 1080 36 35 1243 32 34 211 375 1 : 2795.98
0 485 484 272 979 980 1062 881 106 831 832 1160 1262 985 134 136 859 557 556 788 166 571 258 433 39 703 704 778 420 368 847 708 193 195 497 269 383 685 686 795 158 160 722 582 580 236 351 275 716 948 162 161 545 277 872 13 90 142 468 411 298 213 363 207 688 100 862 1089 1080 36 35 1243 32 34 211 375 1 : 2796.14
0 485 484 272 979 980 1062 881 106 831 832 1160 1262 985 134 136 859 557 556 788 166 571 258 433 39 1028 369 367 368 847 708 194 195 497 269 383 685 686 795 158 160 722 582 580 236 351 275 716 948 162 161 545 277 872 13 91 1008 435 96 290 156 157 756 99 100 862 1089 1080 36 35 1243 32 34 211 375 1 : 2796.49
0 485 484 272 979 980 1062 881 106 831 832 1160 1262 985 134 136 859 557 556 788 166 571 258 433 39 703 704 778 420 368 847 708 193 195 497 269 383 685 686 795 158 160 722 582 580 236 351 275 716 948 162 161 545 277 872 13 91 1008 435 96 290 156 157 756 99 100 862 1089 1080 36 35 1243 32 34 211 375 1 : 2796.65
0 485 484 272 979 980 1062 881 106 831 832 1160 1262 985 134 136 859 557 556 788 166 571 258 433 39 703 704 778 420 368 847 708 194 195 497 269 383 685 686 795 158 160 722 582 580 236 351 275 716 948 162 161 545 277 872 13 90 142 468 411 298 213 363 207 688 100 862 1089 1080 36 35 1243 32 34 211 375 1 : 2796.79
0 485 484 272 979 980 1062 881 106 831 832 1160 1262 985 134 136 859 557 556 788 166 571 258 1024 433 39 1028 369 367 368 847 708 193 195 497 269 383 685 686 795 158 160 722 582 580 236 351 275 716 948 162 161 545 277 872 13 90 142 468 411 298 213 363 207 688 100 862 1089 1080 36 35 1243 32 34 211 375 1 : 2796.97
0 485 484 272 979 980 1062 881 106 831 832 1160 1262 985 134 136 859 557 556 788 166 571 258 433 39 1028 369 367 368 847 708 193 195 497 269 383 685 686 795 158 160 722 582 580 236 351 275 716 948 162 161 545 277 872 13 90 142 468 411 298 213 363 207 688 100 862 1089 1080 36 35 1243 32 34 211 610 1 : 2797.06
0 485 484 272 979 980 1062 881 106 831 832 1160 1262 985 134 136 859 557 556 788 166 571 258 433 39 703 704 778 420 368 847 708 194 195 497 269 383 685 686 795 158 160 722 582 580 236 351 275 716 948 162 161 545 277 872 13 91 1008 435 96 290 156 157 756 99 100 862 1089 1080 36 35 1243 32 34 211 375 1 : 2797.31


Description: env_cubicles3.graphml:alg_Eppstein's K shortest paths:length_3500
 Found 10 of 10 requested paths.
        shortest path length is 2795.33
        longest path length is 2797.31 (1.00071 times as long)
        mean distance to nearest neighbor is 155.064
 Completed in 0.22 seconds


0 485 484 272 979 980 1062 881 106 831 832 1160 1262 985 134 136 859 557 556 788 166 571 258 433 39 1028 369 367 368 847 708 193 195 497 269 383 685 686 795 158 160 722 582 580 236 351 275 716 948 162 161 545 277 872 13 90 142 468 411 298 213 363 207 688 100 862 1089 1080 36 35 1243 32 34 211 375 1 : 2795.33
0 485 484 272 979 980 1062 881 106 831 832 1160 1262 985 134 136 859 557 556 788 166 571 258 433 39 1028 369 367 368 847 708 193 195 497 269 383 685 686 795 158 160 722 582 580 236 351 275 716 948 162 161 545 277 872 13 91 1008 435 96 290 156 157 756 99 100 862 1089 1080 36 35 1243 32 34 211 375 1 : 2795.84
0 485 484 272 979 980 1062 881 106 831 832 1160 1262 985 134 136 859 557 556 788 166 571 258 433 39 703 704 778 420 368 847 708 193 195 497 269 383 685 686 795 158 160 722 582 580 236 351 275 716 948 162 161 545 277 872 13 90 142 468 411 298 213 363 207 688 100 862 1089 1080 36 35 1243 32 34 211 375 1 : 2796.14
0 485 484 272 979 980 1062 881 106 831 832 1160 1262 985 134 136 859 557 556 788 166 571 258 433 39 703 704 778 420 368 847 708 193 195 497 269 383 685 686 795 158 160 722 582 580 236 351 275 716 948 162 161 545 277 872 13 91 1008 435 96 290 156 157 756 99 100 862 1089 1080 36 35 1243 32 34 211 375 1 : 2796.65
0 485 484 272 979 980 1062 881 106 831 832 1160 1262 985 134 136 859 557 556 788 166 571 258 433 39 1028 369 367 368 847 708 193 195 497 269 383 685 686 795 158 160 722 582 580 236 351 275 716 948 162 161 545 277 872 241 809 469 411 298 213 363 207 688 100 862 1089 1080 36 35 1243 32 34 211 375 1 : 2797.33
0 485 484 272 979 980 1062 881 106 831 832 1160 1262 985 134 136 859 557 556 788 166 571 258 433 39 703 704 778 420 368 847 708 193 195 497 269 383 685 686 795 158 160 722 582 580 236 351 275 716 948 162 161 545 277 872 241 809 469 411 298 213 363 207 688 100 862 1089 1080 36 35 1243 32 34 211 375 1 : 2798.14
0 485 484 272 979 980 1062 881 106 831 832 1160 1262 985 134 136 859 557 556 788 166 571 258 433 39 1028 369 367 368 847 708 194 195 497 269 383 685 686 795 158 160 722 582 580 236 351 275 716 948 162 161 163 277 872 13 90 142 468 411 298 213 363 207 688 100 862 1089 1080 36 35 1243 32 34 211 375 1 : 2799.18
0 485 484 272 979 980 1062 881 106 831 832 1160 1262 985 134 136 859 557 556 788 166 571 258 1024 433 39 1028 369 367 368 847 708 194 195 497 269 383 685 686 795 158 160 722 582 580 236 351 275 716 948 162 161 545 277 872 13 90 142 468 411 298 213 363 207 688 100 862 1089 1080 36 35 1243 32 34 211 610 1 : 2799.35
0 485 484 272 979 980 1062 881 106 831 832 1160 1262 985 134 136 859 557 556 788 166 571 258 433 39 1028 369 367 368 847 708 194 195 497 269 383 685 686 795 158 160 722 582 580 236 351 275 716 948 162 161 163 277 872 13 91 1008 435 96 290 156 157 756 99 100 862 1089 1080 36 35 1243 32 34 211 375 1 : 2799.7
0 485 484 272 979 980 1062 881 106 831 832 1160 1262 985 134 136 859 557 556 788 166 571 258 433 39 1028 369 367 368 847 708 193 195 497 269 383 685 686 795 158 160 722 582 580 236 351 275 716 948 162 161 545 277 872 13 91 1008 435 96 290 156 157 756 733 604 853 1080 36 35 1243 32 34 211 375 1 : 2799.83


Description: env_cubicles3.graphml:alg_Eppstein's K shortest paths:dist_300
 Found 10 of 10 requested paths.
        shortest path length is 2795.33
        longest path length is 2799.83 (1.00161 times as long)
        mean distance to nearest neighbor is 351.115
 Completed in 1.12 seconds


0 485 484 272 979 980 1062 881 106 831 832 1160 1262 985 134 136 859 557 556 788 166 571 258 433 39 1028 369 367 368 847 708 193 195 497 269 383 685 686 795 158 160 722 582 580 236 351 275 716 948 162 161 545 277 872 13 90 142 468 411 298 213 363 207 688 100 862 1089 1080 36 35 1243 32 34 211 375 1 : 2795.33
0 485 484 272 979 980 1062 881 106 831 832 1160 1262 985 134 136 859 557 556 788 166 571 258 17 15 82 664 692 56 55 786 782 784 914 1217 888 67 516 423 535 130 128 200 195 497 269 383 685 686 795 158 160 722 582 580 236 351 275 716 948 162 161 545 277 872 13 90 142 468 411 298 213 363 207 688 100 862 1089 1080 36 35 1243 32 34 211 375 1 : 3154.52
0 485 484 272 979 980 1062 881 106 831 832 1160 1262 985 134 136 859 557 556 788 166 571 258 16 38 880 765 786 782 784 914 1217 888 67 516 423 535 536 827 736 996 439 216 268 269 383 685 686 795 158 160 722 582 580 236 351 275 716 948 162 161 545 277 872 13 90 142 468 411 298 213 363 207 688 100 862 1089 1080 36 35 1243 32 34 211 375 1 : 3156.15
0 485 484 272 979 980 1062 881 106 831 832 1160 1262 985 134 136 859 557 556 788 166 571 258 16 38 880 765 786 782 784 914 1217 888 67 516 423 535 130 128 200 195 497 269 383 685 686 795 158 160 722 582 580 236 351 275 716 948 162 161 545 277 872 13 90 142 468 411 298 213 363 207 688 100 862 1089 1080 36 35 1243 32 34 211 375 1 : 3120.04


Description: env_cubicles3.graphml:alg_Random Neighborhood Avoidance:radius_0.04:length_3500
 Found 4 of 10 requested paths.
        shortest path length is 2795.33
        longest path length is 3156.15 (1.12908 times as long)
        mean distance to nearest neighbor is 698.678
 Completed in 44.07 seconds


0 485 484 272 979 980 1062 881 106 831 832 1160 1262 985 134 136 859 557 556 788 166 571 258 433 39 1028 369 367 368 847 708 193 195 497 269 383 685 686 795 158 160 722 582 580 236 351 275 716 948 162 161 545 277 872 13 90 142 468 411 298 213 363 207 688 100 862 1089 1080 36 35 1243 32 34 211 375 1 : 2795.33
0 485 484 272 979 980 1062 881 106 831 832 1160 1262 985 134 136 859 557 556 788 166 571 258 16 38 880 765 786 782 784 914 1217 888 67 516 423 535 130 128 200 195 497 269 383 685 686 795 158 160 722 582 580 236 351 275 716 948 162 161 545 277 872 13 90 142 468 411 298 213 363 207 688 100 862 1089 1080 36 35 1243 32 34 211 375 1 : 3120.04
0 485 484 272 979 980 1062 881 106 831 832 1160 1262 985 134 136 859 557 556 788 166 571 259 606 81 80 665 692 56 55 786 782 784 914 1217 888 67 516 423 535 130 128 200 195 497 269 383 685 686 795 158 160 722 582 580 236 351 275 716 948 162 161 545 277 872 13 90 142 468 411 298 213 363 207 688 100 862 1089 1080 36 35 1243 32 34 211 375 1 : 3165.06
0 485 484 272 979 980 1062 881 106 831 832 1160 1262 985 134 136 859 557 556 788 166 571 258 17 15 82 664 692 56 55 786 782 784 914 1217 888 67 516 423 535 130 128 200 195 497 269 383 685 686 795 158 160 722 582 580 236 351 275 716 948 162 161 545 277 872 13 90 142 468 411 298 213 363 207 688 100 862 1089 1080 36 35 1243 32 34 211 375 1 : 3154.52
0 485 484 272 979 980 1062 881 106 831 832 1160 1262 985 134 136 859 557 556 788 166 571 258 16 38 880 765 786 782 784 914 1217 888 67 516 423 535 536 827 736 996 439 216 268 269 383 685 686 795 158 160 722 582 580 236 351 275 716 948 162 161 545 277 872 13 90 142 468 411 298 213 363 207 688 100 862 1089 1080 36 35 1243 32 34 211 375 1 : 3156.15


Description: env_cubicles3.graphml:alg_Random Neighborhood Avoidance:radius_0.04:dist_300
 Found 5 of 10 requested paths.
        shortest path length is 2795.33
        longest path length is 3165.06 (1.13227 times as long)
        mean distance to nearest neighbor is 647.281
 Completed in 58.55 seconds


0 485 484 272 979 980 1062 881 106 831 832 1160 1262 985 134 136 859 557 556 788 166 571 258 433 39 1028 369 367 368 847 708 193 195 497 269 383 685 686 795 158 160 722 582 580 236 351 275 716 948 162 161 545 277 872 13 90 142 468 411 298 213 363 207 688 100 862 1089 1080 36 35 1243 32 34 211 375 1 : 2795.33
0 485 484 272 979 980 1062 881 106 831 832 1160 1262 985 134 136 859 557 556 788 166 571 258 16 38 880 765 786 782 784 914 1217 888 67 516 423 535 536 827 736 996 439 216 268 269 383 685 686 795 158 160 722 582 580 236 351 275 716 948 162 161 545 277 872 13 90 142 468 411 298 213 363 207 688 100 862 1089 1080 36 35 1243 32 34 211 375 1 : 3156.15
0 485 484 272 979 980 1062 881 106 831 832 1160 1262 985 134 136 859 557 556 788 166 571 258 16 38 880 765 786 782 784 914 1217 888 67 516 423 535 130 128 200 195 497 269 383 685 686 795 158 160 722 582 580 236 351 275 716 948 162 161 545 277 872 13 90 142 468 411 298 213 363 207 688 100 862 1089 1080 36 35 1243 32 34 211 375 1 : 3120.04
0 485 484 272 979 980 1062 881 106 831 832 1160 1262 985 134 136 859 557 556 788 166 571 258 17 15 82 664 692 56 55 786 782 784 914 1217 888 67 516 423 535 130 128 200 195 497 269 383 685 686 795 158 160 722 582 580 236 351 275 716 948 162 161 545 277 872 13 90 142 468 411 298 213 363 207 688 100 862 1089 1080 36 35 1243 32 34 211 375 1 : 3154.52


Description: env_cubicles3.graphml:alg_Random Neighborhood Avoidance:radius_0.0425:length_3500
 Found 4 of 10 requested paths.
        shortest path length is 2795.33
        longest path length is 3156.15 (1.12908 times as long)
        mean distance to nearest neighbor is 698.678
 Completed in 49.22 seconds


0 485 484 272 979 980 1062 881 106 831 832 1160 1262 985 134 136 859 557 556 788 166 571 258 433 39 1028 369 367 368 847 708 193 195 497 269 383 685 686 795 158 160 722 582 580 236 351 275 716 948 162 161 545 277 872 13 90 142 468 411 298 213 363 207 688 100 862 1089 1080 36 35 1243 32 34 211 375 1 : 2795.33
0 485 484 272 979 980 1062 881 106 831 832 1160 1262 985 134 136 859 557 556 788 166 571 258 16 38 880 765 786 782 784 914 1217 888 67 516 423 535 130 128 200 195 497 269 383 685 686 795 158 160 722 582 580 236 351 275 716 948 162 161 545 277 872 13 90 142 468 411 298 213 363 207 688 100 862 1089 1080 36 35 1243 32 34 211 375 1 : 3120.04
0 485 484 272 979 980 1062 881 106 831 832 1160 1262 985 134 136 859 557 556 788 166 571 258 16 38 880 765 786 782 784 914 1217 888 67 516 423 535 536 827 736 996 439 216 268 269 383 685 686 795 158 160 722 582 580 236 351 275 716 948 162 161 545 277 872 13 90 142 468 411 298 213 363 207 688 100 862 1089 1080 36 35 1243 32 34 211 375 1 : 3156.15


Description: env_cubicles3.graphml:alg_Random Neighborhood Avoidance:radius_0.0425:dist_300
 Found 3 of 10 requested paths.
        shortest path length is 2795.33
        longest path length is 3156.15 (1.12908 times as long)
        mean distance to nearest neighbor is 759.753
 Completed in 30.02 seconds


0 485 484 272 979 980 1062 881 106 831 832 1160 1262 985 134 136 859 557 556 788 166 571 258 433 39 1028 369 367 368 847 708 193 195 497 269 383 685 686 795 158 160 722 582 580 236 351 275 716 948 162 161 545 277 872 13 90 142 468 411 298 213 363 207 688 100 862 1089 1080 36 35 1243 32 34 211 375 1 : 2795.33
0 485 484 272 979 980 1062 881 106 831 832 1160 1262 985 134 136 859 557 556 788 166 571 258 17 15 82 664 692 56 55 786 782 784 914 1217 888 67 516 423 535 130 128 200 195 497 269 383 685 686 795 158 160 722 582 580 236 351 275 716 948 162 161 545 277 872 13 90 142 468 411 298 213 363 207 688 100 862 1089 1080 36 35 1243 32 34 211 375 1 : 3154.52
0 485 484 272 979 980 1062 881 106 831 832 1160 1262 985 134 136 859 557 556 788 166 571 258 16 38 880 765 786 782 784 914 1217 888 67 516 423 535 130 128 200 195 497 269 383 685 686 795 158 160 722 582 580 236 351 275 716 948 162 161 545 277 872 13 90 142 468 411 298 213 363 207 688 100 862 1089 1080 36 35 1243 32 34 211 375 1 : 3120.04


Description: env_cubicles3.graphml:alg_Random Neighborhood Avoidance:radius_0.045:length_3500
 Found 3 of 10 requested paths.
        shortest path length is 2795.33
        longest path length is 3154.52 (1.1285 times as long)
        mean distance to nearest neighbor is 749.272
 Completed in 37.57 seconds


0 485 484 272 979 980 1062 881 106 831 832 1160 1262 985 134 136 859 557 556 788 166 571 258 433 39 1028 369 367 368 847 708 193 195 497 269 383 685 686 795 158 160 722 582 580 236 351 275 716 948 162 161 545 277 872 13 90 142 468 411 298 213 363 207 688 100 862 1089 1080 36 35 1243 32 34 211 375 1 : 2795.33
0 485 484 272 979 980 1062 881 106 831 832 1160 1262 985 134 136 859 557 556 788 166 571 258 17 15 82 664 692 56 55 786 782 784 914 1217 888 67 516 423 535 130 128 200 195 497 269 383 685 686 795 158 160 722 582 580 236 351 275 716 948 162 161 545 277 872 13 90 142 468 411 298 213 363 207 688 100 862 1089 1080 36 35 1243 32 34 211 375 1 : 3154.52
0 485 484 272 979 980 1062 881 106 831 832 1160 1262 985 134 136 859 557 556 788 166 571 258 16 38 880 765 786 782 784 914 1217 888 67 516 423 535 536 827 736 737 1149 439 216 268 269 383 685 686 795 158 160 722 582 580 236 351 275 716 948 162 161 545 277 872 13 90 142 468 411 298 213 363 207 688 100 862 1089 1080 36 35 1243 32 34 211 375 1 : 3178.28
0 485 484 272 979 980 1062 881 106 831 832 1160 1262 985 134 136 859 557 556 788 166 571 258 16 38 880 765 786 782 784 914 1217 888 67 516 423 535 130 128 200 195 497 269 383 685 686 795 158 160 722 582 580 236 351 275 716 948 162 161 545 277 872 13 90 142 468 411 298 213 363 207 688 100 862 1089 1080 36 35 1243 32 34 211 375 1 : 3120.04


Description: env_cubicles3.graphml:alg_Random Neighborhood Avoidance:radius_0.045:dist_300
 Found 4 of 10 requested paths.
        shortest path length is 2795.33
        longest path length is 3178.28 (1.137 times as long)
        mean distance to nearest neighbor is 704.21
 Completed in 41.4 seconds


0 485 484 272 979 980 1062 881 106 831 832 1160 1262 985 134 136 859 557 556 788 166 571 258 433 39 1028 369 367 368 847 708 193 195 497 269 383 685 686 795 158 160 722 582 580 236 351 275 716 948 162 161 545 277 872 13 90 142 468 411 298 213 363 207 688 100 862 1089 1080 36 35 1243 32 34 211 375 1 : 2795.33
0 485 484 272 979 980 1062 881 106 831 832 1160 1262 985 134 136 859 557 556 788 166 571 258 17 15 82 664 692 56 55 786 782 784 914 1217 888 67 516 423 535 536 827 736 996 439 216 268 269 383 685 686 795 158 160 722 582 580 236 351 275 716 948 162 161 545 277 872 13 90 142 468 411 298 213 363 207 688 100 862 1089 1080 36 35 1243 32 34 211 375 1 : 3190.63
0 485 484 272 979 980 1062 881 106 831 832 1160 1262 985 134 136 859 557 556 788 166 571 258 16 38 880 765 786 782 784 914 1217 888 67 516 423 535 536 827 736 996 439 216 268 269 383 685 686 795 158 160 722 582 580 236 351 275 716 948 162 161 545 277 872 13 90 142 468 411 298 213 363 207 688 100 862 1089 1080 36 35 1243 32 34 211 375 1 : 3156.15
0 485 484 272 979 980 1062 881 106 831 832 1160 1262 985 134 136 859 557 556 788 166 571 258 17 15 82 664 692 56 55 786 782 784 914 1217 888 67 516 423 535 130 128 200 195 497 269 383 685 686 795 158 160 722 582 580 236 351 275 716 948 162 161 545 277 872 13 90 142 468 411 298 213 363 207 688 100 862 1089 1080 36 35 1243 32 34 211 375 1 : 3154.52
0 485 484 272 979 980 1062 881 106 831 832 1160 1262 985 134 136 859 557 556 788 166 571 259 606 81 80 665 692 56 55 786 782 784 914 1217 888 67 516 423 535 130 128 200 195 497 269 383 685 686 795 158 160 722 582 580 236 351 275 716 948 162 161 545 277 872 13 90 142 468 411 298 213 363 207 688 100 862 1089 1080 36 35 1243 32 34 211 375 1 : 3165.06


Description: env_cubicles3.graphml:alg_Random Neighborhood Avoidance:radius_0.0475:length_3500
 Found 5 of 10 requested paths.
        shortest path length is 2795.33
        longest path length is 3190.63 (1.14141 times as long)
        mean distance to nearest neighbor is 651.033
 Completed in 44.83 seconds


0 485 484 272 979 980 1062 881 106 831 832 1160 1262 985 134 136 859 557 556 788 166 571 258 433 39 1028 369 367 368 847 708 193 195 497 269 383 685 686 795 158 160 722 582 580 236 351 275 716 948 162 161 545 277 872 13 90 142 468 411 298 213 363 207 688 100 862 1089 1080 36 35 1243 32 34 211 375 1 : 2795.33
0 485 484 272 979 980 1062 881 106 831 832 1160 1262 985 134 136 859 557 556 788 166 571 258 16 38 880 765 786 782 784 914 1217 888 67 516 423 535 536 827 736 737 1149 439 216 268 269 383 685 686 795 158 160 722 582 580 236 351 275 716 948 162 161 545 277 872 13 90 142 468 411 298 213 363 207 688 100 862 1089 1080 36 35 1243 32 34 211 375 1 : 3178.28
0 485 484 272 979 980 1062 881 106 831 832 1160 1262 985 134 136 859 557 556 788 166 571 258 17 15 82 664 692 56 55 786 782 784 914 1217 888 67 516 423 535 536 827 736 996 439 216 268 269 383 685 686 795 158 160 722 582 580 236 351 275 716 948 162 161 545 277 872 13 90 142 468 411 298 213 363 207 688 100 862 1089 1080 36 35 1243 32 34 211 375 1 : 3190.63


Description: env_cubicles3.graphml:alg_Random Neighborhood Avoidance:radius_0.0475:dist_300
 Found 3 of 10 requested paths.
        shortest path length is 2795.33
        longest path length is 3190.63 (1.14141 times as long)
        mean distance to nearest neighbor is 937.02
 Completed in 18.69 seconds


0 485 484 272 979 980 1062 881 106 831 832 1160 1262 985 134 136 859 557 556 788 166 571 258 433 39 1028 369 367 368 847 708 193 195 497 269 383 685 686 795 158 160 722 582 580 236 351 275 716 948 162 161 545 277 872 13 90 142 468 411 298 213 363 207 688 100 862 1089 1080 36 35 1243 32 34 211 375 1 : 2795.33
0 485 484 272 979 980 1062 881 106 831 832 1160 1262 985 134 136 859 557 556 788 166 571 258 17 15 82 664 692 56 55 786 782 784 914 1217 888 67 516 423 535 536 827 736 996 439 216 268 269 383 685 686 795 158 160 722 582 580 236 351 275 716 948 162 161 545 277 872 13 90 142 468 411 298 213 363 207 688 100 862 1089 1080 36 35 1243 32 34 211 375 1 : 3190.63
0 485 484 272 979 980 1062 881 106 831 832 1160 1262 985 134 136 859 557 556 788 166 571 258 17 15 82 664 692 56 55 786 782 784 914 1217 888 67 516 423 535 130 128 200 195 497 269 383 685 686 795 158 160 722 582 580 236 351 275 716 948 162 161 545 277 872 13 90 142 468 411 298 213 363 207 688 100 862 1089 1080 36 35 1243 32 34 211 375 1 : 3154.52
0 485 484 272 979 980 1062 881 106 831 832 1160 1262 985 134 136 859 557 556 788 166 571 258 16 38 880 765 786 782 784 914 1217 888 67 516 423 535 536 827 736 996 439 216 268 269 383 685 686 795 158 160 722 582 580 236 351 275 716 948 162 161 545 277 872 13 90 142 468 411 298 213 363 207 688 100 862 1089 1080 36 35 1243 32 34 211 375 1 : 3156.15


Description: env_cubicles3.graphml:alg_Random Neighborhood Avoidance:radius_0.05:length_3500
 Found 4 of 10 requested paths.
        shortest path length is 2795.33
        longest path length is 3190.63 (1.14141 times as long)
        mean distance to nearest neighbor is 707.298
 Completed in 18.14 seconds


0 485 484 272 979 980 1062 881 106 831 832 1160 1262 985 134 136 859 557 556 788 166 571 258 433 39 1028 369 367 368 847 708 193 195 497 269 383 685 686 795 158 160 722 582 580 236 351 275 716 948 162 161 545 277 872 13 90 142 468 411 298 213 363 207 688 100 862 1089 1080 36 35 1243 32 34 211 375 1 : 2795.33
0 485 484 272 979 980 1062 881 106 831 832 1160 1262 985 134 136 859 557 556 788 166 571 259 606 81 80 665 692 56 55 786 782 784 914 1217 888 67 516 423 535 130 128 200 195 497 269 383 685 686 795 158 160 722 582 580 236 351 275 716 948 162 161 545 277 872 13 90 142 468 411 298 213 363 207 688 100 862 1089 1080 36 35 1243 32 34 211 375 1 : 3165.06
0 485 484 272 979 980 1062 881 106 831 832 1160 1262 985 134 136 859 557 556 788 166 571 258 17 15 82 664 692 56 55 786 782 784 914 1217 888 67 516 423 535 536 827 736 996 439 216 268 269 383 685 686 795 158 160 722 582 580 236 351 275 716 948 162 161 545 277 872 13 90 142 468 411 298 213 363 207 688 100 862 1089 1080 36 35 1243 32 34 211 375 1 : 3190.63
0 485 484 272 979 980 1062 881 106 831 832 1160 1262 985 134 136 859 557 556 788 166 571 258 16 38 880 765 786 782 784 914 1217 888 67 516 423 535 536 827 736 996 439 216 268 269 383 685 686 795 158 160 722 582 580 236 351 275 716 948 162 161 545 277 872 13 90 142 468 411 298 213 363 207 688 100 862 1089 1080 36 35 1243 32 34 211 375 1 : 3156.15
0 485 484 272 979 980 1062 881 106 831 832 1160 1262 985 134 136 859 557 556 788 166 571 258 17 15 82 664 692 56 55 786 782 784 914 1217 888 67 516 423 535 130 128 200 195 497 269 383 685 686 795 158 160 722 582 580 236 351 275 716 948 162 161 545 277 872 13 90 142 468 411 298 213 363 207 688 100 862 1089 1080 36 35 1243 32 34 211 375 1 : 3154.52


Description: env_cubicles3.graphml:alg_Random Neighborhood Avoidance:radius_0.05:dist_300
 Found 5 of 10 requested paths.
        shortest path length is 2795.33
        longest path length is 3190.63 (1.14141 times as long)
        mean distance to nearest neighbor is 651.033
 Completed in 56.27 seconds


