0 485 484 272 979 980 1062 881 106 831 832 1160 1262 985 134 136 859 557 556 788 166 571 258 433 39 1028 369 367 368 847 708 193 195 497 269 383 685 686 795 158 160 722 582 580 236 351 275 716 948 162 161 545 277 872 13 90 142 468 411 298 213 363 207 688 100 862 1089 1080 36 35 1243 32 34 211 375 1 : 2795.33
0 485 484 272 979 980 1062 881 106 831 832 1160 1262 985 134 136 859 557 556 788 166 571 258 433 39 1028 369 367 368 847 708 193 195 497 269 383 685 686 795 158 160 722 582 580 236 351 275 716 948 162 161 545 277 872 13 91 1008 435 96 290 156 157 756 99 100 862 1089 1080 36 35 1243 32 34 211 375 1 : 2795.84
0 485 484 272 979 980 1062 881 106 831 832 1160 1262 985 134 136 859 557 556 788 166 571 258 433 39 1028 369 367 368 847 708 194 195 497 269 383 685 686 795 158 160 722 582 580 236 351 275 716 948 162 161 545 277 872 13 90 142 468 411 298 213 363 207 688 100 862 1089 1080 36 35 1243 32 34 211 375 1 : 2795.98
0 485 484 272 979 980 1062 881 106 831 832 1160 1262 985 134 136 859 557 556 788 166 571 258 433 39 703 704 778 420 368 847 708 193 195 497 269 383 685 686 795 158 160 722 582 580 236 351 275 716 948 162 161 545 277 872 13 90 142 468 411 298 213 363 207 688 100 862 1089 1080 36 35 1243 32 34 211 375 1 : 2796.14
0 485 484 272 979 980 1062 881 106 831 832 1160 1262 985 134 136 859 557 556 788 166 571 258 433 39 1028 369 367 368 847 708 194 195 497 269 383 685 686 795 158 160 722 582 580 236 351 275 716 948 162 161 545 277 872 13 91 1008 435 96 290 156 157 756 99 100 862 1089 1080 36 35 1243 32 34 211 375 1 : 2796.49
0 485 484 272 979 980 1062 881 106 831 832 1160 1262 985 134 136 859 557 556 788 166 571 258 433 39 703 704 778 420 368 847 708 193 195 497 269 383 685 686 795 158 160 722 582 580 236 351 275 716 948 162 161 545 277 872 13 91 1008 435 96 290 156 157 756 99 100 862 1089 1080 36 35 1243 32 34 211 375 1 : 2796.65
0 485 484 272 979 980 1062 881 106 831 832 1160 1262 985 134 136 859 557 556 788 166 571 258 433 39 703 704 778 420 368 847 708 194 195 497 269 383 685 686 795 158 160 722 582 580 236 351 275 716 948 162 161 545 277 872 13 90 142 468 411 298 213 363 207 688 100 862 1089 1080 36 35 1243 32 34 211 375 1 : 2796.79
0 485 484 272 979 980 1062 881 106 831 832 1160 1262 985 134 136 859 557 556 788 166 571 258 1024 433 39 1028 369 367 368 847 708 193 195 497 269 383 685 686 795 158 160 722 582 580 236 351 275 716 948 162 161 545 277 872 13 90 142 468 411 298 213 363 207 688 100 862 1089 1080 36 35 1243 32 34 211 375 1 : 2796.97
0 485 484 272 979 980 1062 881 106 831 832 1160 1262 985 134 136 859 557 556 788 166 571 258 433 39 1028 369 367 368 847 708 193 195 497 269 383 685 686 795 158 160 722 582 580 236 351 275 716 948 162 161 545 277 872 13 90 142 468 411 298 213 363 207 688 100 862 1089 1080 36 35 1243 32 34 211 610 1 : 2797.06
0 485 484 272 979 980 1062 881 106 831 832 1160 1262 985 134 136 859 557 556 788 166 571 258 433 39 703 704 778 420 368 847 708 194 195 497 269 383 685 686 795 158 160 722 582 580 236 351 275 716 948 162 161 545 277 872 13 91 1008 435 96 290 156 157 756 99 100 862 1089 1080 36 35 1243 32 34 211 375 1 : 2797.31


Description: env_cubicles3.graphml:alg_Eppstein's K shortest paths:length_3000
 Found 10 of 10 requested paths.
	shortest path length is 2795.33
	longest path length is 2797.31 (1.00071 times as long)
	mean distance to nearest neighbor is 155.064
 Completed in 0.33 seconds


0 485 484 272 979 980 1062 881 106 831 832 1160 1262 985 134 136 859 557 556 788 166 571 258 433 39 1028 369 367 368 847 708 193 195 497 269 383 685 686 795 158 160 722 582 580 236 351 275 716 948 162 161 545 277 872 13 90 142 468 411 298 213 363 207 688 100 862 1089 1080 36 35 1243 32 34 211 375 1 : 2795.33
0 485 484 272 979 980 1062 881 106 831 832 1160 1262 985 134 136 859 557 556 788 166 571 258 433 39 1028 369 367 368 847 708 193 195 497 269 383 685 686 795 158 160 722 582 580 236 351 275 716 948 162 161 545 277 872 13 91 1008 435 96 290 156 157 756 99 100 862 1089 1080 36 35 1243 32 34 211 375 1 : 2795.84
0 485 484 272 979 980 1062 881 106 831 832 1160 1262 985 134 136 859 557 556 788 166 571 258 433 39 703 704 778 420 368 847 708 193 195 497 269 383 685 686 795 158 160 722 582 580 236 351 275 716 948 162 161 545 277 872 13 90 142 468 411 298 213 363 207 688 100 862 1089 1080 36 35 1243 32 34 211 375 1 : 2796.14
0 485 484 272 979 980 1062 881 106 831 832 1160 1262 985 134 136 859 557 556 788 166 571 258 433 39 703 704 778 420 368 847 708 193 195 497 269 383 685 686 795 158 160 722 582 580 236 351 275 716 948 162 161 545 277 872 13 91 1008 435 96 290 156 157 756 99 100 862 1089 1080 36 35 1243 32 34 211 375 1 : 2796.65
0 485 484 272 979 980 1062 881 106 831 832 1160 1262 985 134 136 859 557 556 788 166 571 258 433 39 1028 369 367 368 847 708 193 195 497 269 383 685 686 795 158 160 722 582 580 236 351 275 716 948 162 161 545 277 872 241 809 469 411 298 213 363 207 688 100 862 1089 1080 36 35 1243 32 34 211 375 1 : 2797.33
0 485 484 272 979 980 1062 881 106 831 832 1160 1262 985 134 136 859 557 556 788 166 571 258 433 39 703 704 778 420 368 847 708 193 195 497 269 383 685 686 795 158 160 722 582 580 236 351 275 716 948 162 161 545 277 872 241 809 469 411 298 213 363 207 688 100 862 1089 1080 36 35 1243 32 34 211 375 1 : 2798.14
0 485 484 272 979 980 1062 881 106 831 832 1160 1262 985 134 136 859 557 556 788 166 571 258 433 39 1028 369 367 368 847 708 194 195 497 269 383 685 686 795 158 160 722 582 580 236 351 275 716 948 162 161 163 277 872 13 90 142 468 411 298 213 363 207 688 100 862 1089 1080 36 35 1243 32 34 211 375 1 : 2799.18
0 485 484 272 979 980 1062 881 106 831 832 1160 1262 985 134 136 859 557 556 788 166 571 258 1024 433 39 1028 369 367 368 847 708 194 195 497 269 383 685 686 795 158 160 722 582 580 236 351 275 716 948 162 161 545 277 872 13 90 142 468 411 298 213 363 207 688 100 862 1089 1080 36 35 1243 32 34 211 610 1 : 2799.35
0 485 484 272 979 980 1062 881 106 831 832 1160 1262 985 134 136 859 557 556 788 166 571 258 433 39 1028 369 367 368 847 708 194 195 497 269 383 685 686 795 158 160 722 582 580 236 351 275 716 948 162 161 163 277 872 13 91 1008 435 96 290 156 157 756 99 100 862 1089 1080 36 35 1243 32 34 211 375 1 : 2799.7
0 485 484 272 979 980 1062 881 106 831 832 1160 1262 985 134 136 859 557 556 788 166 571 258 433 39 1028 369 367 368 847 708 193 195 497 269 383 685 686 795 158 160 722 582 580 236 351 275 716 948 162 161 545 277 872 13 91 1008 435 96 290 156 157 756 733 604 853 1080 36 35 1243 32 34 211 375 1 : 2799.83


Description: env_cubicles3.graphml:alg_Eppstein's K shortest paths:dist_300
 Found 10 of 10 requested paths.
	shortest path length is 2795.33
	longest path length is 2799.83 (1.00161 times as long)
	mean distance to nearest neighbor is 351.115
 Completed in 1.66 seconds


0 485 484 272 979 980 1062 881 106 831 832 1160 1262 985 134 136 859 557 556 788 166 571 258 433 39 1028 369 367 368 847 708 193 195 497 269 383 685 686 795 158 160 722 582 580 236 351 275 716 948 162 161 545 277 872 13 90 142 468 411 298 213 363 207 688 100 862 1089 1080 36 35 1243 32 34 211 375 1 : 2795.33
0 485 484 272 979 980 1062 881 106 831 832 1160 1262 985 134 136 859 557 556 788 166 571 258 433 39 703 704 778 420 368 847 708 193 195 497 269 383 685 686 795 158 160 722 582 580 236 351 275 716 948 162 161 545 277 872 13 90 142 468 411 298 213 363 207 688 100 862 1089 1080 36 35 1243 32 34 211 375 1 : 2796.14
0 485 484 272 979 980 1062 881 106 831 832 1160 1262 985 134 136 859 557 556 788 166 571 258 433 39 1028 369 367 368 847 708 193 195 497 269 383 685 686 795 158 160 547 548 715 697 582 580 236 351 275 716 948 162 161 545 277 872 13 90 142 468 411 298 213 363 207 688 100 862 1089 1080 36 35 1243 32 34 211 375 1 : 2878.37
0 485 484 272 979 980 1062 881 106 831 832 1160 1262 985 134 136 859 557 556 788 166 571 258 433 39 1028 369 367 368 847 708 193 195 497 269 383 685 686 795 158 160 722 582 580 235 48 275 716 948 162 161 545 277 872 13 90 142 468 411 298 213 363 207 688 100 862 1089 1080 36 35 1243 32 34 211 375 1 : 2849.51
0 485 484 272 979 980 1062 896 107 106 831 832 1160 1262 985 134 136 859 557 556 788 166 571 258 433 39 1028 369 367 368 847 708 193 195 497 269 383 685 686 795 158 160 722 582 580 236 351 275 716 948 162 161 545 277 872 13 90 142 468 411 298 213 363 207 688 100 862 1089 1080 36 35 1243 32 34 211 375 1 : 2817.62
0 485 484 272 979 980 1062 881 106 831 832 1160 1262 985 134 136 859 557 556 788 166 571 258 433 39 1028 369 367 368 847 708 193 195 497 269 383 384 438 795 158 160 722 582 580 236 351 275 716 948 162 161 545 277 872 13 90 142 468 411 298 213 363 207 688 100 862 1089 1080 36 35 1243 32 34 211 375 1 : 2823.59
0 485 484 272 979 980 1062 881 106 831 832 1160 1262 985 134 136 859 557 556 788 166 571 258 433 39 1028 369 367 368 847 708 193 195 497 269 383 685 686 795 158 160 722 582 580 236 351 275 716 948 162 161 545 277 872 13 91 1008 435 96 290 156 157 756 99 100 862 1089 1080 36 35 1243 32 34 211 375 1 : 2795.84
0 485 484 272 979 980 1062 881 106 831 832 1160 1262 985 134 136 859 557 556 788 166 571 258 433 39 1028 369 367 368 847 708 193 195 497 269 383 685 686 795 158 160 722 582 580 236 351 275 716 948 162 161 545 277 872 13 90 142 468 411 298 213 363 207 688 100 862 1089 1080 36 35 1243 32 34 211 610 1 : 2797.06
0 485 484 272 979 980 1062 881 106 831 832 1160 1262 985 134 136 859 557 556 788 166 571 258 433 39 1028 369 367 368 847 708 193 195 497 269 383 685 686 795 158 160 722 582 580 236 351 1051 273 614 546 545 277 872 13 90 142 468 411 298 213 363 207 688 100 862 1089 1080 36 35 1243 32 34 211 375 1 : 2803.03
0 485 484 272 979 980 1062 881 106 831 832 1160 1262 985 134 136 859 557 556 788 166 571 258 433 39 1028 369 367 368 847 708 193 195 497 269 383 685 686 795 158 160 722 582 580 236 351 275 716 948 162 161 545 277 872 13 91 1008 435 96 290 156 157 756 733 604 853 188 37 198 34 211 375 1 : 2816.01


Description: env_cubicles3.graphml:alg_Random Neighborhood Avoidance:radius_0.005:length_3000
 Found 10 of 10 requested paths.
	shortest path length is 2795.33
	longest path length is 2878.37 (1.02971 times as long)
	mean distance to nearest neighbor is 327.978
 Completed in 0.68 seconds


0 485 484 272 979 980 1062 881 106 831 832 1160 1262 985 134 136 859 557 556 788 166 571 258 433 39 1028 369 367 368 847 708 193 195 497 269 383 685 686 795 158 160 722 582 580 236 351 275 716 948 162 161 545 277 872 13 90 142 468 411 298 213 363 207 688 100 862 1089 1080 36 35 1243 32 34 211 375 1 : 2795.33
0 485 484 272 979 980 1062 881 106 831 832 1160 1262 985 134 136 859 557 556 788 166 571 258 433 39 703 704 778 420 368 847 708 193 195 497 269 383 685 686 795 158 160 722 582 580 236 351 275 716 948 162 161 545 277 872 13 90 142 468 411 298 213 363 207 688 100 862 1089 1080 36 35 1243 32 34 211 375 1 : 2796.14
0 485 484 272 979 980 1062 881 106 831 832 1160 1262 985 134 136 859 557 556 788 166 571 258 433 39 1028 369 367 368 847 708 193 195 497 269 383 685 686 795 158 160 722 582 580 236 351 275 716 948 162 161 545 277 872 13 91 1008 435 96 290 156 157 756 99 100 862 1089 1080 36 35 1243 32 34 211 375 1 : 2795.84
0 485 484 272 979 980 1062 881 106 831 832 1160 1262 985 134 136 859 557 556 788 166 571 258 433 39 1028 369 367 368 847 708 193 195 497 269 383 685 686 795 158 160 722 582 580 236 351 1051 273 614 553 707 442 498 499 974 975 1110 769 96 290 156 157 756 99 100 862 1089 1080 36 35 1243 32 34 211 375 1 : 2818.49
0 485 484 272 979 980 1062 881 106 831 832 1160 1262 985 134 136 859 557 556 788 166 571 258 433 39 1028 369 367 368 847 708 193 195 497 269 383 685 686 795 158 160 722 582 580 236 351 275 716 948 162 161 545 277 872 241 809 469 411 298 213 363 207 688 100 862 1089 1080 36 35 1243 32 34 211 375 1 : 2797.33
0 485 484 272 979 980 1062 881 106 831 832 1160 1262 985 134 136 859 557 556 788 166 571 258 433 39 1028 369 367 368 847 708 193 195 497 269 383 685 686 795 158 160 722 582 580 236 351 1051 273 614 546 545 277 872 13 90 142 468 411 298 213 363 207 688 100 862 1089 1080 36 35 1243 32 34 211 375 1 : 2803.03
0 485 484 272 979 980 1062 881 106 831 832 1160 1262 985 134 136 859 557 556 788 166 571 258 433 39 1028 369 367 368 847 708 193 195 497 269 383 384 438 300 926 925 160 722 582 580 236 351 275 716 948 162 161 545 277 872 13 90 142 468 411 298 213 363 207 688 100 862 1089 1080 36 35 1243 32 34 211 375 1 : 2872.62
0 485 484 272 979 980 1062 881 106 831 832 1160 1262 985 134 136 859 557 556 788 166 571 258 433 39 1028 369 367 368 847 708 193 195 497 269 383 685 686 795 158 160 722 582 580 236 351 275 716 948 162 161 545 277 872 13 91 1008 435 96 290 156 157 756 733 604 853 1080 36 35 1243 32 34 211 375 1 : 2799.83
0 485 484 272 979 980 1062 881 106 831 832 1160 1262 985 134 136 637 638 709 167 164 166 571 258 433 39 1028 369 367 368 847 708 193 195 497 269 383 685 686 795 158 160 722 582 580 236 351 275 716 948 162 161 545 277 872 13 90 142 468 411 298 213 363 207 688 100 862 1089 1080 36 35 1243 32 34 211 375 1 : 2854.88
0 485 484 272 979 980 1062 881 106 831 832 1160 1262 985 134 136 859 557 556 788 166 571 258 433 39 1028 369 367 368 847 708 193 195 497 269 383 685 686 795 158 160 722 582 580 236 351 275 716 948 162 161 545 277 872 13 91 1008 435 96 290 156 157 756 733 604 853 188 37 629 750 812 285 284 375 1 : 2888.42


Description: env_cubicles3.graphml:alg_Random Neighborhood Avoidance:radius_0.005:dist_300
 Found 10 of 10 requested paths.
	shortest path length is 2795.33
	longest path length is 2888.42 (1.0333 times as long)
	mean distance to nearest neighbor is 481.968
 Completed in 1.47 seconds


0 485 484 272 979 980 1062 881 106 831 832 1160 1262 985 134 136 859 557 556 788 166 571 258 433 39 1028 369 367 368 847 708 193 195 497 269 383 685 686 795 158 160 722 582 580 236 351 275 716 948 162 161 545 277 872 13 90 142 468 411 298 213 363 207 688 100 862 1089 1080 36 35 1243 32 34 211 375 1 : 2795.33
0 485 484 272 979 980 1062 881 106 831 832 1160 1262 985 134 136 859 557 556 788 732 1216 260 258 433 39 1028 369 367 368 847 708 193 195 497 269 383 685 686 795 158 160 722 582 580 236 351 275 716 948 162 161 545 277 872 13 90 142 468 411 298 213 363 207 688 100 862 1089 1080 36 35 1243 32 34 211 375 1 : 2826.85
0 694 270 272 979 980 1062 881 106 831 832 1160 1262 985 134 136 859 557 556 788 166 571 258 433 39 1028 369 367 368 847 708 193 195 497 269 383 685 686 795 158 160 722 582 580 236 351 275 716 948 162 161 545 277 872 13 90 142 468 411 298 213 363 207 688 100 862 1089 1080 36 35 1243 32 34 211 375 1 : 2811.32
0 485 484 272 979 980 1062 881 106 831 832 1160 1262 985 134 136 859 557 556 788 166 571 258 433 39 1028 369 367 368 847 708 193 195 497 269 383 685 686 795 158 160 722 582 580 236 351 275 716 948 162 161 545 277 872 13 91 1008 435 96 290 156 157 756 733 604 853 188 353 1021 630 750 812 285 284 375 1 : 2919.58
0 485 484 272 979 980 1062 881 106 831 832 1160 1262 985 134 136 859 557 556 788 166 571 258 433 39 1028 369 367 368 847 708 193 195 497 269 383 685 686 795 158 160 722 699 237 235 236 351 275 716 948 162 161 545 277 872 13 90 142 468 411 298 213 363 207 688 100 862 1089 1080 36 35 1243 32 34 211 375 1 : 2855.31
0 485 484 272 979 980 1062 881 106 831 832 1160 1262 985 134 136 859 557 556 788 166 571 258 433 39 1028 369 367 368 847 708 193 195 497 269 383 685 686 795 158 160 722 582 580 236 351 275 716 948 162 161 545 277 872 13 91 1008 435 96 290 156 157 756 99 100 862 1089 1080 36 35 1243 32 34 211 375 1 : 2795.84
0 485 484 272 979 980 1062 881 106 831 832 1160 1262 985 134 136 859 557 556 788 166 571 258 433 39 703 704 778 420 368 847 708 193 195 497 269 383 685 686 795 158 160 722 582 580 236 351 275 716 948 162 161 545 277 872 13 90 142 468 411 298 213 363 207 688 100 862 1089 1080 36 35 1243 32 34 211 375 1 : 2796.14
0 485 484 272 979 980 1062 881 106 831 832 1160 1262 985 134 136 859 557 556 788 166 571 258 433 39 1028 369 367 368 847 708 193 195 497 269 383 685 686 795 158 160 722 582 580 236 351 275 716 948 162 161 545 277 872 13 91 1008 435 96 290 156 157 756 733 604 853 188 37 629 750 812 285 284 375 1 : 2888.42
0 485 484 272 979 980 1062 881 106 831 832 1160 1262 985 134 136 859 557 556 788 166 571 258 433 39 1028 369 367 368 847 708 193 195 497 269 383 685 686 795 158 160 722 582 580 236 351 275 716 948 162 161 545 277 872 13 91 1008 435 96 290 156 157 756 733 604 853 188 37 198 34 211 375 1 : 2816.01
0 485 484 272 979 980 1062 881 106 831 832 1160 1262 985 134 136 859 557 556 788 166 571 258 433 39 1028 369 367 368 847 708 194 200 996 439 216 268 269 383 685 686 795 158 160 722 582 580 236 351 275 716 948 162 161 545 277 872 13 90 142 468 411 298 213 363 207 688 100 862 1089 1080 36 35 1243 32 34 211 375 1 : 2888.54


Description: env_cubicles3.graphml:alg_Random Neighborhood Avoidance:radius_0.01:length_3000
 Found 10 of 10 requested paths.
	shortest path length is 2795.33
	longest path length is 2919.58 (1.04445 times as long)
	mean distance to nearest neighbor is 355.987
 Completed in 0.67 seconds


0 485 484 272 979 980 1062 881 106 831 832 1160 1262 985 134 136 859 557 556 788 166 571 258 433 39 1028 369 367 368 847 708 193 195 497 269 383 685 686 795 158 160 722 582 580 236 351 275 716 948 162 161 545 277 872 13 90 142 468 411 298 213 363 207 688 100 862 1089 1080 36 35 1243 32 34 211 375 1 : 2795.33
0 485 484 272 979 980 1062 881 106 831 832 1160 1262 985 134 136 859 557 556 788 166 571 258 433 39 1028 369 367 368 847 708 193 195 497 269 383 384 438 300 926 925 160 722 582 580 236 351 275 716 948 162 161 545 277 872 13 90 142 468 411 298 213 363 207 688 100 862 1089 1080 36 35 1243 32 34 211 375 1 : 2872.62
0 485 484 272 979 980 1062 881 106 831 832 1160 1262 985 134 136 859 557 556 788 166 571 258 433 39 1028 369 367 368 847 708 193 195 497 269 383 685 686 795 158 160 722 582 580 236 351 1051 273 614 546 545 277 872 13 90 142 468 411 298 213 363 207 688 100 862 1089 1080 36 35 1243 32 34 211 375 1 : 2803.03
0 485 484 272 979 980 1062 881 106 831 832 1160 1262 985 134 136 859 557 556 788 166 571 258 16 38 703 704 778 420 368 847 708 193 195 497 269 383 685 686 795 158 160 722 582 580 236 351 275 716 948 162 161 545 277 872 13 90 142 468 411 298 213 363 207 688 100 862 1089 1080 36 35 1243 32 34 211 375 1 : 2823.83
0 485 484 272 979 980 1062 881 106 831 832 1160 1262 985 134 136 859 557 556 788 166 571 258 433 39 1028 369 367 368 847 708 193 195 497 269 383 685 686 795 158 160 722 582 580 236 351 275 716 948 162 161 545 277 872 13 91 1008 435 96 290 156 157 756 733 604 853 188 37 198 34 211 375 1 : 2816.01
0 485 484 272 979 980 1062 881 106 831 832 1160 1262 985 134 136 859 557 556 788 166 571 258 433 39 1028 369 367 368 847 708 194 200 886 885 497 269 383 685 686 795 158 160 722 582 580 236 351 275 716 948 162 161 545 277 872 13 90 142 468 411 298 213 363 207 688 100 862 1089 1080 36 35 1243 32 34 211 375 1 : 2856.63
0 485 484 272 979 980 1062 881 106 831 832 1160 1262 985 134 136 859 557 556 788 166 571 258 433 39 1028 369 367 368 847 708 193 195 497 269 383 685 686 795 158 160 722 582 580 236 351 1051 273 614 553 707 442 498 499 974 975 1110 769 96 290 156 157 756 99 100 862 1089 1080 36 35 1243 32 34 211 375 1 : 2818.49
0 485 484 272 979 980 1062 881 106 831 832 1160 1262 985 134 136 859 557 556 788 166 571 258 433 39 1028 369 367 368 847 708 193 195 497 269 383 685 686 795 158 160 722 582 580 236 351 275 716 948 162 161 545 277 872 13 91 1008 435 96 290 156 157 756 733 604 853 188 37 629 750 812 285 284 375 1 : 2888.42
0 485 484 272 979 980 1062 881 106 831 832 1160 1262 985 134 136 859 557 556 788 166 571 258 433 39 1028 369 367 368 847 708 193 195 497 269 383 685 686 795 158 160 722 582 580 236 351 275 716 948 162 161 545 277 872 13 90 142 468 411 298 213 363 207 688 100 862 1089 1080 36 35 1243 32 34 210 284 285 796 1011 1 : 2893.75
0 485 484 272 979 980 1062 881 106 831 832 1160 1262 985 134 136 859 557 556 788 166 571 258 433 39 1028 369 367 368 847 708 193 195 497 269 383 685 686 795 158 160 722 582 580 236 351 275 716 948 162 161 545 277 872 13 91 1008 435 96 290 156 157 756 99 100 862 1089 1080 36 35 1243 32 34 211 375 1 : 2795.84


Description: env_cubicles3.graphml:alg_Random Neighborhood Avoidance:radius_0.01:dist_300
 Found 10 of 10 requested paths.
	shortest path length is 2795.33
	longest path length is 2893.75 (1.03521 times as long)
	mean distance to nearest neighbor is 486.433
 Completed in 0.85 seconds


0 485 484 272 979 980 1062 881 106 831 832 1160 1262 985 134 136 859 557 556 788 166 571 258 433 39 1028 369 367 368 847 708 193 195 497 269 383 685 686 795 158 160 722 582 580 236 351 275 716 948 162 161 545 277 872 13 90 142 468 411 298 213 363 207 688 100 862 1089 1080 36 35 1243 32 34 211 375 1 : 2795.33
0 485 484 272 979 980 1062 881 106 831 832 1160 1262 985 134 136 859 557 556 788 166 571 258 433 39 1028 369 367 368 847 708 193 195 497 269 383 685 686 795 158 160 722 582 580 236 351 275 716 948 162 161 545 277 872 13 91 1008 435 96 290 156 157 756 99 100 862 1089 1080 36 35 1243 32 34 211 375 1 : 2795.84
0 485 484 272 979 980 1062 881 106 831 832 1160 1262 985 134 136 859 557 556 788 166 571 258 433 39 1028 369 367 368 847 708 193 195 497 269 383 384 438 300 926 925 160 722 582 580 236 351 275 716 948 162 161 545 277 872 13 90 142 468 411 298 213 363 207 688 100 862 1089 1080 36 35 1243 32 34 211 375 1 : 2872.62
0 485 484 272 979 980 1062 881 106 831 832 1160 1262 985 134 136 859 557 556 788 166 571 258 433 39 1028 369 367 368 847 708 193 195 497 269 383 685 686 795 158 160 722 582 580 236 351 275 716 948 162 161 545 277 872 241 809 469 411 298 213 363 207 688 100 862 1089 1080 36 35 1243 32 34 211 375 1 : 2797.33
0 485 484 272 979 980 1062 881 106 831 832 1160 1262 985 134 136 859 557 556 788 166 571 258 433 39 703 704 778 420 368 847 708 193 195 497 269 383 685 686 795 158 160 722 582 580 236 351 275 716 948 162 161 545 277 872 13 90 142 468 411 298 213 363 207 688 100 862 1089 1080 36 35 1243 32 34 211 375 1 : 2796.14
0 485 484 272 979 980 1062 881 106 831 832 1160 1262 985 134 136 859 557 556 788 166 571 258 433 39 1028 369 367 368 847 708 193 195 497 269 383 685 686 795 158 160 722 582 580 236 351 1051 273 614 546 545 277 872 13 90 142 468 411 298 213 363 207 688 100 862 1089 1080 36 35 1243 32 34 211 375 1 : 2803.03
0 485 484 272 979 980 1062 881 106 831 832 1160 1262 985 134 136 859 557 556 788 166 571 258 433 39 1028 369 367 368 847 708 193 195 497 269 383 685 686 795 158 160 722 582 580 236 351 1051 273 614 553 707 442 498 499 974 975 1110 769 96 290 156 157 756 99 100 862 1089 1080 36 35 1243 32 34 211 375 1 : 2818.49
0 485 484 272 979 980 1062 881 106 831 832 1160 1262 985 134 136 859 557 556 788 166 571 258 433 39 1028 369 367 368 847 708 193 195 497 269 383 685 686 795 158 160 547 548 715 698 1074 700 525 526 48 275 716 948 162 161 545 277 872 13 90 142 468 411 298 213 363 207 688 100 862 1089 1080 36 35 1243 32 34 211 375 1 : 2986.63
0 485 484 272 979 980 1062 881 106 831 832 1160 1262 985 134 136 859 557 556 788 166 571 259 17 15 38 703 704 778 420 368 847 708 193 195 497 269 383 685 686 795 158 160 722 582 580 236 351 275 716 948 162 161 545 277 872 13 90 142 468 411 298 213 363 207 688 100 862 1089 1080 36 35 1243 32 34 211 375 1 : 2868.57
0 485 484 272 979 980 1062 881 106 831 832 1160 1262 985 134 136 859 557 556 788 166 571 258 433 39 1028 369 367 368 847 708 193 195 497 269 383 685 686 795 158 160 722 582 580 236 351 275 716 948 162 161 545 277 872 13 91 1008 435 96 290 156 157 756 733 605 604 853 1080 36 35 1243 32 34 211 375 1 : 2826.44


Description: env_cubicles3.graphml:alg_Random Neighborhood Avoidance:radius_0.015:length_3000
 Found 10 of 10 requested paths.
	shortest path length is 2795.33
	longest path length is 2986.63 (1.06844 times as long)
	mean distance to nearest neighbor is 490.264
 Completed in 1.15 seconds


0 485 484 272 979 980 1062 881 106 831 832 1160 1262 985 134 136 859 557 556 788 166 571 258 433 39 1028 369 367 368 847 708 193 195 497 269 383 685 686 795 158 160 722 582 580 236 351 275 716 948 162 161 545 277 872 13 90 142 468 411 298 213 363 207 688 100 862 1089 1080 36 35 1243 32 34 211 375 1 : 2795.33
0 485 484 272 979 980 1062 881 106 831 832 1160 1262 985 134 136 859 557 556 788 166 571 258 433 39 1028 369 367 368 847 708 193 195 497 269 383 685 686 795 158 160 722 582 580 236 351 275 716 948 162 161 545 277 872 13 91 1008 435 96 290 156 157 756 99 100 862 1089 1080 36 35 1243 32 34 211 375 1 : 2795.84
0 485 484 272 979 980 1062 881 106 831 832 1160 1262 985 134 136 859 557 556 788 166 571 258 433 39 1028 369 367 368 847 708 193 195 497 269 383 685 686 795 158 160 547 548 715 698 1074 700 525 526 48 275 716 948 162 161 545 277 872 13 90 142 468 411 298 213 363 207 688 100 862 1089 1080 36 35 1243 32 34 211 375 1 : 2986.63
0 485 484 272 979 980 1062 881 106 831 832 1160 1262 985 134 136 859 557 556 788 166 571 258 433 39 1028 369 367 368 847 708 193 195 497 269 383 384 438 300 926 925 160 722 582 580 236 351 275 716 948 162 161 545 277 872 13 90 142 468 411 298 213 363 207 688 100 862 1089 1080 36 35 1243 32 34 211 375 1 : 2872.62
0 485 484 272 979 980 1062 881 106 831 832 1160 1262 985 134 136 859 557 556 788 166 571 258 433 39 1028 369 367 368 847 708 193 195 497 269 383 685 686 795 158 160 722 699 237 235 48 275 716 948 162 161 545 277 872 13 90 142 468 411 298 213 363 207 688 100 862 1089 1080 36 35 1243 32 34 211 375 1 : 2864.97
0 485 484 272 979 980 1062 881 106 831 832 1160 1262 985 134 136 859 557 556 788 166 571 258 16 38 880 765 786 782 784 914 1217 888 67 516 423 535 130 128 200 195 497 269 383 685 686 795 158 160 722 582 580 236 351 275 716 948 162 161 545 277 872 13 90 142 468 411 298 213 363 207 688 100 862 1089 1080 36 35 1243 32 34 211 375 1 : 3120.04
0 485 484 272 979 980 1062 881 106 831 832 1160 1262 985 134 136 859 557 556 788 166 571 258 433 39 1028 369 367 368 847 708 193 195 497 269 383 685 686 795 158 160 722 582 580 236 351 1051 273 614 546 545 277 872 13 90 142 468 411 298 213 363 207 688 100 862 1089 1080 36 35 1243 32 34 211 375 1 : 2803.03
0 485 484 272 979 980 1062 881 106 831 832 1160 1262 985 134 136 859 557 556 788 166 571 258 433 39 1028 369 367 368 847 708 129 200 886 885 497 269 383 685 686 795 158 160 722 582 580 236 351 275 716 948 162 161 545 277 872 13 90 142 468 411 298 213 363 207 688 100 862 1089 1080 36 35 1243 32 34 211 375 1 : 2886.52
0 485 484 272 979 980 1062 881 106 831 832 1160 1262 985 134 136 859 557 556 788 166 571 258 433 39 1028 369 367 368 847 708 193 195 497 269 383 685 686 795 158 160 722 582 580 236 351 275 716 948 162 161 545 277 872 13 91 1008 435 96 290 156 157 756 733 604 853 188 37 198 34 211 375 1 : 2816.01
0 485 484 272 979 980 1062 881 106 831 832 1160 1262 985 134 136 859 557 556 788 166 571 258 433 39 1028 369 367 368 847 708 193 195 497 269 383 685 686 795 158 160 722 582 580 235 48 46 47 555 554 707 442 498 499 974 975 1110 769 96 290 156 157 756 99 100 862 1089 1080 36 35 1243 32 34 211 375 1 : 2885.89


Description: env_cubicles3.graphml:alg_Random Neighborhood Avoidance:radius_0.015:dist_300
 Found 10 of 10 requested paths.
	shortest path length is 2795.33
	longest path length is 3120.04 (1.11616 times as long)
	mean distance to nearest neighbor is 636.564
 Completed in 1.21 seconds


0 485 484 272 979 980 1062 881 106 831 832 1160 1262 985 134 136 859 557 556 788 166 571 258 433 39 1028 369 367 368 847 708 193 195 497 269 383 685 686 795 158 160 722 582 580 236 351 275 716 948 162 161 545 277 872 13 90 142 468 411 298 213 363 207 688 100 862 1089 1080 36 35 1243 32 34 211 375 1 : 2795.33
0 485 484 272 979 980 1062 881 106 831 832 1160 1262 985 134 136 859 557 556 788 166 571 258 433 39 1028 369 367 368 847 708 193 195 497 269 383 685 686 795 158 160 722 582 580 236 351 275 555 554 707 442 498 499 974 975 1110 769 96 290 156 157 756 99 100 862 1089 1080 36 35 1243 32 34 211 375 1 : 2821.8
0 485 484 272 979 980 1062 881 106 831 832 1160 1262 985 134 136 859 557 556 788 166 571 258 433 39 1028 369 367 368 847 708 193 195 497 269 383 685 686 795 158 160 722 582 580 236 351 275 716 948 162 161 545 277 872 241 809 469 411 298 213 363 207 688 100 862 1089 1080 36 35 1243 32 34 211 375 1 : 2797.33
0 485 484 272 979 980 1062 881 106 831 832 1160 1262 985 134 136 859 557 556 788 166 571 258 433 39 1028 369 367 368 847 708 193 195 497 269 383 685 686 795 158 160 722 582 580 236 351 1051 273 614 553 707 442 498 499 974 975 1110 769 96 290 156 157 756 99 100 862 1089 1080 36 35 1243 32 34 211 375 1 : 2818.49
0 485 484 272 979 980 1062 881 106 831 832 1160 1262 985 134 136 859 557 556 788 166 571 259 606 81 80 665 692 879 880 773 421 420 368 847 708 193 195 497 269 383 685 686 795 158 160 722 582 580 236 351 275 716 948 162 161 545 277 872 13 90 142 468 411 298 213 363 207 688 100 862 1089 1080 36 35 1243 32 34 211 375 1 : 2946.81
0 485 484 272 979 980 1062 881 106 831 832 1160 1262 985 134 136 859 557 556 788 166 571 258 433 39 703 704 874 778 420 368 847 708 193 195 497 269 383 685 686 795 158 160 722 582 580 236 351 275 716 948 162 161 545 277 872 13 90 142 468 411 298 213 363 207 688 100 862 1089 1080 36 35 1243 32 34 211 375 1 : 2811.39
0 485 484 272 979 980 1062 881 106 831 832 1160 1262 985 134 136 859 557 556 788 166 571 258 433 39 1028 369 367 368 847 708 193 195 497 269 383 685 686 795 158 160 722 582 580 235 48 46 47 555 554 707 442 498 499 974 975 1110 769 96 290 156 157 756 99 100 862 1089 1080 36 35 1243 32 34 211 375 1 : 2885.89
0 485 484 272 979 980 1062 881 106 831 832 1160 1262 985 134 136 859 557 556 788 166 571 258 433 39 1028 369 367 368 847 708 193 195 497 269 383 685 686 795 158 160 547 548 715 698 1074 700 525 235 236 351 275 716 948 162 161 545 277 872 13 90 142 468 411 298 213 363 207 688 100 862 1089 1080 36 35 1243 32 34 211 375 1 : 2957.23
0 485 484 272 979 980 1062 881 106 831 832 1160 1262 985 134 136 859 557 556 788 166 571 258 433 39 1028 369 367 368 847 708 193 195 497 269 383 384 438 300 926 925 160 722 582 580 236 351 275 716 948 162 161 545 277 872 13 90 142 468 411 298 213 363 207 688 100 862 1089 1080 36 35 1243 32 34 211 375 1 : 2872.62
0 485 484 272 979 980 1062 881 106 831 832 1160 1262 985 134 136 859 557 556 788 166 571 258 433 39 1028 369 367 368 847 708 193 195 497 269 383 685 686 795 158 160 722 582 580 236 351 275 716 948 162 161 545 277 872 13 91 1008 435 96 290 156 157 756 733 604 853 188 353 1021 630 750 812 285 284 375 1 : 2919.58


Description: env_cubicles3.graphml:alg_Random Neighborhood Avoidance:radius_0.02:length_3000
 Found 10 of 10 requested paths.
	shortest path length is 2795.33
	longest path length is 2957.23 (1.05792 times as long)
	mean distance to nearest neighbor is 555.188
 Completed in 1.18 seconds


0 485 484 272 979 980 1062 881 106 831 832 1160 1262 985 134 136 859 557 556 788 166 571 258 433 39 1028 369 367 368 847 708 193 195 497 269 383 685 686 795 158 160 722 582 580 236 351 275 716 948 162 161 545 277 872 13 90 142 468 411 298 213 363 207 688 100 862 1089 1080 36 35 1243 32 34 211 375 1 : 2795.33
0 485 484 272 979 980 1062 881 106 831 832 1160 1262 985 134 136 859 557 556 788 166 571 258 433 39 1028 369 367 368 847 708 193 195 497 269 383 685 686 795 158 160 547 548 715 698 1074 700 525 235 236 351 275 716 948 162 161 545 277 872 13 90 142 468 411 298 213 363 207 688 100 862 1089 1080 36 35 1243 32 34 211 375 1 : 2957.23
0 485 484 272 979 980 1062 881 106 831 832 1160 1262 985 134 136 859 557 556 788 166 571 258 433 39 1028 369 367 368 847 708 193 195 497 269 383 685 686 795 158 160 722 582 580 236 351 1051 273 614 553 707 442 498 499 974 975 1110 769 96 290 156 157 756 99 100 862 1089 1080 36 35 1243 32 34 211 375 1 : 2818.49
0 485 484 272 979 980 1062 881 106 831 832 1160 1262 985 134 136 859 557 556 788 166 571 258 433 39 1028 369 367 368 847 708 193 195 497 269 383 685 686 795 158 160 722 582 580 236 351 275 716 948 162 161 545 277 872 13 91 1008 435 96 290 156 157 756 733 604 853 188 353 1021 630 750 811 812 285 796 1011 1 : 2974.85
0 485 484 272 979 980 1062 881 106 831 832 1160 1262 985 134 136 859 557 556 788 166 571 258 16 38 880 765 786 782 784 914 1217 888 67 516 423 535 130 128 200 195 497 269 383 685 686 795 158 160 722 582 580 236 351 275 716 948 162 161 545 277 872 13 90 142 468 411 298 213 363 207 688 100 862 1089 1080 36 35 1243 32 34 211 375 1 : 3120.04
0 485 484 272 979 980 1062 881 106 831 832 1160 1262 985 134 136 859 557 556 788 166 571 259 606 81 80 665 692 879 880 773 421 420 368 847 708 193 195 497 269 383 685 686 795 158 160 722 582 580 236 351 275 716 948 162 161 545 277 872 13 90 142 468 411 298 213 363 207 688 100 862 1089 1080 36 35 1243 32 34 211 375 1 : 2946.81
0 485 484 272 979 980 1062 881 106 831 832 1160 1262 985 134 136 859 557 556 788 166 571 258 433 39 1028 369 367 368 847 708 193 195 497 269 383 685 686 795 158 160 722 582 580 235 48 46 47 555 554 707 442 498 499 974 975 1110 769 96 290 156 157 756 99 100 862 1089 1080 36 35 1243 32 34 211 375 1 : 2885.89
0 485 484 272 979 980 1062 881 106 831 832 1160 1262 985 134 136 859 557 556 788 166 571 258 433 39 1028 369 367 368 847 708 193 195 497 269 383 685 686 795 158 160 722 582 580 236 351 275 716 948 162 161 545 277 872 13 90 142 144 711 149 539 540 172 171 173 100 862 1089 1080 36 35 1243 32 34 211 375 1 : 2802.97
0 485 484 272 979 980 1062 881 106 831 832 1160 1262 985 134 136 859 557 556 788 166 571 258 433 39 703 704 778 420 368 847 708 193 195 497 269 383 685 686 795 158 160 722 582 580 236 351 275 716 948 162 161 545 277 872 13 90 142 468 411 298 213 363 207 688 100 862 1089 1080 36 35 1243 32 34 211 375 1 : 2796.14
0 485 484 272 979 980 1062 881 106 831 832 1160 1262 985 134 136 859 557 556 788 166 571 258 433 39 1028 369 367 368 847 708 193 195 497 269 383 685 686 795 158 160 722 582 580 236 351 275 716 948 162 161 545 277 872 13 91 1008 435 96 290 156 157 756 99 100 862 1089 1080 36 35 1243 32 34 211 375 1 : 2795.84


Description: env_cubicles3.graphml:alg_Random Neighborhood Avoidance:radius_0.02:dist_300
 Found 10 of 10 requested paths.
	shortest path length is 2795.33
	longest path length is 3120.04 (1.11616 times as long)
	mean distance to nearest neighbor is 686.15
 Completed in 1.46 seconds


0 485 484 272 979 980 1062 881 106 831 832 1160 1262 985 134 136 859 557 556 788 166 571 258 433 39 1028 369 367 368 847 708 193 195 497 269 383 685 686 795 158 160 722 582 580 236 351 275 716 948 162 161 545 277 872 13 90 142 468 411 298 213 363 207 688 100 862 1089 1080 36 35 1243 32 34 211 375 1 : 2795.33
0 485 484 272 979 980 1062 881 106 831 832 1160 1262 985 134 136 859 557 556 788 166 571 258 433 39 1028 369 367 368 847 708 193 195 497 269 383 685 686 795 158 160 722 582 580 236 351 1051 273 614 553 707 442 498 499 974 975 1110 769 96 290 156 157 756 99 100 862 1089 1080 36 35 1243 32 34 211 375 1 : 2818.49
0 485 484 272 979 980 1062 881 106 831 832 1160 1262 985 134 136 859 557 556 788 166 571 258 433 39 1028 369 367 368 847 708 193 195 497 269 383 685 686 795 158 160 722 582 580 236 351 275 716 948 162 161 545 277 872 13 90 142 144 711 149 539 540 172 171 173 100 862 1089 1080 36 35 1243 32 34 211 375 1 : 2802.97
0 485 484 272 979 980 1062 881 106 831 832 1160 1262 985 134 136 859 557 556 788 166 571 258 16 38 880 773 421 420 368 847 708 193 195 497 269 383 685 686 795 158 160 722 582 580 236 351 275 716 948 162 161 545 277 872 13 90 142 468 411 298 213 363 207 688 100 862 1089 1080 36 35 1243 32 34 211 375 1 : 2833.8
0 485 484 272 979 980 1062 881 106 831 832 1160 1262 985 134 136 859 557 556 788 166 571 258 433 39 1028 369 367 368 847 708 193 195 497 269 383 685 686 795 158 160 722 582 580 236 351 275 716 948 162 161 545 277 872 13 91 828 770 769 96 290 156 157 756 99 100 862 1089 1080 36 35 1243 32 34 211 375 1 : 2812.73
0 485 484 272 979 980 1062 881 106 831 832 1160 1262 985 134 136 859 557 556 788 166 571 258 433 39 1028 369 367 368 847 708 193 195 497 269 383 685 686 795 158 160 722 582 580 236 351 1051 273 614 553 870 443 1140 1141 498 499 974 975 1110 769 96 290 156 157 756 99 100 862 1089 1080 36 35 1243 32 34 211 375 1 : 2881.89
0 485 484 272 979 980 1062 881 106 831 832 1160 1262 985 134 136 859 557 556 788 166 571 258 433 39 1028 369 367 368 847 708 193 195 497 269 383 685 686 795 158 160 722 582 580 236 351 275 716 948 162 161 545 277 872 13 90 142 144 711 149 539 540 576 531 733 604 853 1080 36 35 1243 32 34 211 375 1 : 2822.16
0 485 484 272 979 980 1062 881 106 831 832 1160 1262 985 134 136 859 557 556 788 166 571 259 606 81 80 665 692 879 880 773 421 420 368 847 708 193 195 497 269 383 685 686 795 158 160 722 582 580 236 351 275 716 948 162 161 545 277 872 13 90 142 468 411 298 213 363 207 688 100 862 1089 1080 36 35 1243 32 34 211 375 1 : 2946.81
0 485 484 272 979 980 1062 881 106 831 832 1160 1262 985 134 136 859 557 556 788 166 571 258 433 39 1028 369 367 368 847 708 193 195 497 269 383 685 686 795 158 160 722 582 580 236 351 275 716 948 162 161 545 277 872 13 91 1008 435 96 290 156 157 756 99 100 862 1089 1080 36 35 1243 32 34 211 375 1 : 2795.84
0 485 484 272 979 980 1062 881 106 831 832 1160 1262 985 134 136 859 557 556 788 166 571 258 17 15 82 664 692 879 880 773 421 420 368 847 708 193 195 497 269 383 685 686 795 158 160 722 582 580 236 351 275 716 948 162 161 545 277 872 13 90 142 468 411 298 213 363 207 688 100 862 1089 1080 36 35 1243 32 34 211 375 1 : 2936.27


Description: env_cubicles3.graphml:alg_Random Neighborhood Avoidance:radius_0.025:length_3000
 Found 10 of 10 requested paths.
	shortest path length is 2795.33
	longest path length is 2946.81 (1.05419 times as long)
	mean distance to nearest neighbor is 440.107
 Completed in 2.2 seconds


0 485 484 272 979 980 1062 881 106 831 832 1160 1262 985 134 136 859 557 556 788 166 571 258 433 39 1028 369 367 368 847 708 193 195 497 269 383 685 686 795 158 160 722 582 580 236 351 275 716 948 162 161 545 277 872 13 90 142 468 411 298 213 363 207 688 100 862 1089 1080 36 35 1243 32 34 211 375 1 : 2795.33
0 485 484 272 979 980 1062 881 106 831 832 1160 1262 985 134 136 859 557 556 788 166 571 258 433 39 1028 369 367 368 847 708 193 195 497 269 383 685 686 795 158 160 722 582 580 236 351 1051 273 614 553 707 442 498 499 974 975 1110 769 96 290 156 157 756 99 100 862 1089 1080 36 35 1243 32 34 211 375 1 : 2818.49
0 485 484 272 979 980 1062 881 106 831 832 1160 1262 985 134 136 859 557 556 788 166 571 258 433 39 1028 369 367 368 847 708 193 195 497 269 383 685 686 795 158 160 722 582 580 236 351 1051 273 614 553 870 443 1140 1141 498 499 974 975 1110 769 96 290 156 157 756 99 100 862 1089 1080 36 35 1243 32 34 211 375 1 : 2881.89
0 485 484 272 979 980 1062 881 106 831 832 1160 1262 985 134 136 859 557 556 788 166 571 258 17 15 82 664 692 879 880 773 421 420 368 847 708 193 195 497 269 383 685 686 795 158 160 722 582 580 236 351 275 716 948 162 161 545 277 872 13 90 142 468 411 298 213 363 207 688 100 862 1089 1080 36 35 1243 32 34 211 375 1 : 2936.27
0 485 484 272 979 980 1062 881 106 831 832 1160 1262 985 134 136 859 557 556 788 166 571 258 433 39 1028 369 367 368 847 708 193 195 497 269 383 685 686 795 158 160 722 582 580 235 48 46 47 555 554 707 442 498 499 974 975 1110 769 96 290 156 157 756 99 100 862 1089 1080 36 35 1243 32 34 211 375 1 : 2885.89
0 485 484 272 979 980 1062 881 106 831 832 1160 1262 985 134 136 859 557 556 788 166 571 258 16 38 880 765 786 782 784 914 1217 888 67 516 423 535 130 128 996 439 216 268 269 383 685 686 795 158 160 722 582 580 236 351 275 716 948 162 161 545 277 872 13 90 142 468 411 298 213 363 207 688 100 862 1089 1080 36 35 1243 32 34 211 375 1 : 3144.23
0 485 484 272 979 980 1062 881 106 831 832 1160 1262 985 134 136 859 557 556 788 166 571 258 433 39 1028 369 367 368 847 708 193 195 497 269 383 685 686 795 158 160 722 582 580 236 351 275 716 948 162 161 545 277 872 13 91 828 770 769 96 290 156 157 756 99 100 862 1089 1080 36 35 1243 32 34 211 375 1 : 2812.73
0 485 484 272 979 980 1062 881 106 831 832 1160 1262 985 134 136 859 557 556 788 166 571 258 16 38 880 765 786 782 784 914 1217 888 67 516 423 535 130 128 200 195 497 269 383 685 686 795 158 160 722 582 580 236 351 275 716 948 162 161 545 277 872 13 90 142 468 411 298 213 363 207 688 100 862 1089 1080 36 35 1243 32 34 211 375 1 : 3120.04
0 485 484 272 979 980 1062 881 106 831 832 1160 1262 985 134 136 859 557 556 788 166 571 258 433 39 1028 369 367 368 847 708 193 195 497 269 383 685 686 795 158 160 547 548 715 837 844 947 940 506 700 525 235 236 351 275 716 948 162 161 545 277 872 13 90 142 468 411 298 213 363 207 688 100 862 1089 1080 36 35 1243 32 34 211 375 1 : 3041
0 485 484 272 979 980 1062 881 106 831 832 1160 1262 985 134 136 859 557 556 788 166 571 259 606 81 80 665 692 879 880 773 421 420 368 847 708 193 195 497 269 383 685 686 795 158 160 722 582 580 236 351 275 716 948 162 161 545 277 872 13 90 142 468 411 298 213 363 207 688 100 862 1089 1080 36 35 1243 32 34 211 375 1 : 2946.81


Description: env_cubicles3.graphml:alg_Random Neighborhood Avoidance:radius_0.025:dist_300
 Found 10 of 10 requested paths.
	shortest path length is 2795.33
	longest path length is 3144.23 (1.12482 times as long)
	mean distance to nearest neighbor is 511.249
 Completed in 4.2 seconds


0 485 484 272 979 980 1062 881 106 831 832 1160 1262 985 134 136 859 557 556 788 166 571 258 433 39 1028 369 367 368 847 708 193 195 497 269 383 685 686 795 158 160 722 582 580 236 351 275 716 948 162 161 545 277 872 13 90 142 468 411 298 213 363 207 688 100 862 1089 1080 36 35 1243 32 34 211 375 1 : 2795.33
0 485 484 272 979 980 1062 881 106 831 832 1160 1262 985 134 136 859 557 556 788 166 571 258 433 39 1028 369 367 368 847 708 193 195 497 269 383 685 686 795 158 160 722 582 580 236 351 275 716 948 162 161 545 277 872 13 91 828 770 769 1063 97 290 156 157 756 99 100 862 1089 1080 36 35 1243 32 34 211 375 1 : 2834.75
0 485 484 272 979 980 1062 881 106 831 832 1160 1262 985 134 136 859 557 556 788 166 571 258 433 39 1028 369 367 368 847 708 193 195 497 269 383 685 686 795 158 160 722 582 580 236 351 275 716 948 162 161 545 277 872 13 90 142 144 711 149 539 540 576 531 733 604 853 1080 36 35 1243 32 34 211 375 1 : 2822.16
0 485 484 272 979 980 1062 881 106 831 832 1160 1262 985 134 136 859 557 556 788 166 571 258 433 39 1028 369 367 368 847 708 193 195 497 269 383 685 686 795 158 160 722 582 580 236 351 1051 273 614 553 707 442 498 499 974 975 1110 769 96 290 156 157 756 99 100 862 1089 1080 36 35 1243 32 34 211 375 1 : 2818.49
0 485 484 272 979 980 1062 881 106 831 832 1160 1262 985 134 136 859 557 556 788 166 571 258 433 39 1028 369 367 368 847 708 193 195 497 269 383 685 686 795 158 160 722 582 580 236 351 275 716 948 162 161 545 277 872 13 90 142 657 1064 1065 1083 148 150 253 196 530 173 100 862 1089 1080 36 35 1243 32 34 211 375 1 : 2862.79
0 485 484 272 979 980 1062 881 106 831 832 1160 1262 985 134 136 859 557 556 788 166 571 258 433 39 1028 369 367 368 847 708 193 195 497 269 383 685 686 795 158 160 722 582 580 236 351 1051 273 614 553 707 442 498 499 974 975 1110 769 1063 97 290 156 157 756 99 100 862 1089 1080 36 35 1243 32 34 211 375 1 : 2840.52
0 485 484 272 979 980 1062 881 106 831 832 1160 1262 985 134 136 859 557 556 788 166 571 258 433 39 1028 369 367 368 847 708 193 195 497 269 383 685 686 795 158 160 722 582 580 236 351 1051 273 614 553 707 442 498 499 974 975 1110 968 967 95 1180 212 363 207 688 100 862 1089 1080 36 35 1243 32 34 211 375 1 : 2847.15
0 485 484 272 979 980 1062 881 106 831 832 1160 1262 985 134 136 859 557 556 788 166 571 258 433 39 1028 369 367 368 847 708 193 195 497 269 383 685 686 795 158 160 722 582 580 236 351 275 716 948 162 161 545 277 872 13 90 142 144 711 821 822 1250 939 1094 577 172 171 173 100 862 1089 1080 36 35 1243 32 34 211 375 1 : 2848.5


Description: env_cubicles3.graphml:alg_Random Neighborhood Avoidance:radius_0.03:length_3000
 Found 8 of 10 requested paths.
	shortest path length is 2795.33
	longest path length is 2862.79 (1.02413 times as long)
	mean distance to nearest neighbor is 623.71
 Completed in 4.02 seconds


0 485 484 272 979 980 1062 881 106 831 832 1160 1262 985 134 136 859 557 556 788 166 571 258 433 39 1028 369 367 368 847 708 193 195 497 269 383 685 686 795 158 160 722 582 580 236 351 275 716 948 162 161 545 277 872 13 90 142 468 411 298 213 363 207 688 100 862 1089 1080 36 35 1243 32 34 211 375 1 : 2795.33
0 485 484 272 979 980 1062 881 106 831 832 1160 1262 985 134 136 859 557 556 788 166 571 258 433 39 1028 369 367 368 847 708 193 195 497 269 383 685 686 795 158 160 722 582 580 236 351 275 716 948 162 161 545 277 872 13 90 142 144 711 149 539 540 576 531 733 604 853 1080 36 35 1243 32 34 211 375 1 : 2822.16
0 485 484 272 979 980 1062 881 106 831 832 1160 1262 985 134 136 859 557 556 788 166 571 258 433 39 1028 369 367 368 847 708 193 195 497 269 383 685 686 795 158 160 722 582 580 236 351 1051 273 614 553 707 442 498 499 974 975 1110 769 96 290 156 157 756 99 100 862 1089 1080 36 35 1243 32 34 211 375 1 : 2818.49
0 485 484 272 979 980 1062 881 106 831 832 1160 1262 985 134 136 859 557 556 788 166 571 258 433 39 1028 369 367 368 847 708 193 195 497 269 383 685 686 795 158 160 722 582 580 236 351 275 716 948 162 161 545 277 872 13 91 828 770 769 1063 97 290 156 157 756 99 100 862 1089 1080 36 35 1243 32 34 211 375 1 : 2834.75
0 485 484 272 979 980 1062 881 106 831 832 1160 1262 985 134 136 859 557 556 788 166 571 258 433 39 1028 369 367 368 847 708 193 195 497 269 383 685 686 795 158 160 722 582 580 236 351 275 716 948 162 161 545 277 872 13 90 142 657 1064 1065 1083 148 150 253 196 530 173 100 862 1089 1080 36 35 1243 32 34 211 375 1 : 2862.79
0 485 484 272 979 980 1062 881 106 831 832 1160 1262 985 134 136 859 557 556 788 166 571 258 433 39 1028 369 367 368 847 708 193 195 497 269 383 685 686 795 158 160 722 582 580 236 351 1051 273 614 553 707 442 498 499 974 975 1110 968 967 95 1180 212 363 207 688 100 862 1089 1080 36 35 1243 32 34 211 375 1 : 2847.15
0 485 484 272 979 980 1062 881 106 831 832 1160 1262 985 134 136 859 557 556 788 166 571 258 433 39 1028 369 367 368 847 708 193 195 497 269 383 685 686 795 158 160 722 582 580 236 351 275 716 948 162 161 545 277 872 13 90 142 144 711 821 822 1250 939 1094 577 172 171 173 100 862 1089 1080 36 35 1243 32 34 211 375 1 : 2848.5
0 485 484 272 979 980 1062 881 106 831 832 1160 1262 985 134 136 859 557 556 788 166 571 258 16 38 880 765 786 782 784 914 1217 888 67 516 423 535 130 128 200 195 497 269 383 685 686 795 158 160 722 582 580 236 351 275 716 948 162 161 545 277 872 13 90 142 468 411 298 213 363 207 688 100 862 1089 1080 36 35 1243 32 34 211 375 1 : 3120.04
0 485 484 272 979 980 1062 881 106 831 832 1160 1262 985 134 136 859 557 556 788 166 571 258 433 39 1028 369 367 368 847 708 193 195 497 269 383 685 686 795 158 160 722 582 580 236 351 275 555 999 553 1201 1200 871 224 597 825 574 287 286 409 405 91 1008 435 96 290 156 157 756 99 100 862 1089 1080 36 35 1243 32 34 211 375 1 : 3061.2
0 485 484 272 979 980 1062 881 106 831 832 1160 1262 985 134 136 859 557 556 788 166 571 258 16 38 880 765 786 782 784 914 1217 888 67 516 423 535 130 128 996 439 216 268 269 383 685 686 795 158 160 722 582 580 236 351 275 716 948 162 161 545 277 872 13 90 142 468 411 298 213 363 207 688 100 862 1089 1080 36 35 1243 32 34 211 375 1 : 3144.23


Description: env_cubicles3.graphml:alg_Random Neighborhood Avoidance:radius_0.03:dist_300
 Found 10 of 10 requested paths.
	shortest path length is 2795.33
	longest path length is 3144.23 (1.12482 times as long)
	mean distance to nearest neighbor is 736.802
 Completed in 1.83 seconds


0 485 484 272 979 980 1062 881 106 831 832 1160 1262 985 134 136 859 557 556 788 166 571 258 433 39 1028 369 367 368 847 708 193 195 497 269 383 685 686 795 158 160 722 582 580 236 351 275 716 948 162 161 545 277 872 13 90 142 468 411 298 213 363 207 688 100 862 1089 1080 36 35 1243 32 34 211 375 1 : 2795.33
0 485 484 272 979 980 1062 881 106 831 832 1160 1262 985 134 136 859 557 556 788 166 571 258 433 39 1028 369 367 368 847 708 193 195 497 269 383 685 686 795 158 160 722 582 580 236 351 275 716 948 162 161 545 277 872 13 90 142 657 1064 1065 1083 148 150 253 196 530 173 100 862 1089 1080 36 35 1243 32 34 211 375 1 : 2862.79
0 485 484 272 979 980 1062 881 106 831 832 1160 1262 985 134 136 859 557 556 788 166 571 258 433 39 1028 369 367 368 847 708 193 195 497 269 383 685 686 795 158 160 722 582 580 236 351 275 716 948 162 161 545 277 872 13 90 142 144 711 821 822 1250 939 1094 577 576 531 733 604 853 1080 36 35 1243 32 34 211 375 1 : 2857.31


Description: env_cubicles3.graphml:alg_Random Neighborhood Avoidance:radius_0.035:length_3000
 Found 3 of 10 requested paths.
	shortest path length is 2795.33
	longest path length is 2862.79 (1.02413 times as long)
	mean distance to nearest neighbor is 850.658
 Completed in 2.77 seconds


0 485 484 272 979 980 1062 881 106 831 832 1160 1262 985 134 136 859 557 556 788 166 571 258 433 39 1028 369 367 368 847 708 193 195 497 269 383 685 686 795 158 160 722 582 580 236 351 275 716 948 162 161 545 277 872 13 90 142 468 411 298 213 363 207 688 100 862 1089 1080 36 35 1243 32 34 211 375 1 : 2795.33
0 485 484 272 979 980 1062 881 106 831 832 1160 1262 985 134 136 859 557 556 788 166 571 258 433 39 1028 369 367 368 847 708 193 195 497 269 383 685 686 795 158 160 722 582 580 236 351 275 716 948 162 161 545 277 872 13 90 142 144 711 821 822 1250 939 1094 577 576 531 733 604 853 1080 36 35 1243 32 34 211 375 1 : 2857.31
0 485 484 272 979 980 1062 881 106 831 832 1160 1262 985 134 136 859 557 556 788 166 571 258 16 38 880 765 786 782 784 914 1217 888 67 516 423 535 130 128 200 195 497 269 383 685 686 795 158 160 722 582 580 236 351 275 716 948 162 161 545 277 872 13 90 142 468 411 298 213 363 207 688 100 862 1089 1080 36 35 1243 32 34 211 375 1 : 3120.04
0 485 484 272 979 980 1062 881 106 831 832 1160 1262 985 134 136 859 557 556 788 166 571 258 16 38 880 765 786 782 784 914 1217 888 67 516 423 535 536 827 736 737 1149 439 216 268 269 383 685 686 795 158 160 722 582 580 236 351 275 716 948 162 161 545 277 872 13 90 142 468 411 298 213 363 207 688 100 862 1089 1080 36 35 1243 32 34 211 375 1 : 3178.28
0 485 484 272 979 980 1062 881 106 831 832 1160 1262 985 134 136 859 557 556 788 166 571 258 433 39 1028 369 367 368 847 708 193 195 497 269 383 685 686 795 158 160 722 582 580 236 351 1051 273 614 553 870 244 575 1146 1145 278 279 186 185 673 828 770 769 96 290 156 157 756 99 100 862 1089 1080 36 35 1243 32 34 211 375 1 : 3055.82
0 485 484 272 979 980 1062 881 106 831 832 1160 1262 985 134 136 859 557 556 788 166 571 258 433 39 1028 369 367 368 847 708 193 195 497 269 383 685 686 795 158 160 722 582 580 236 351 1051 273 614 553 870 244 575 1146 1145 278 279 186 185 91 1008 435 96 290 156 157 756 99 100 862 1089 1080 36 35 1243 32 34 211 375 1 : 3035.03
0 485 484 272 979 980 1062 881 106 831 832 1160 1262 985 134 136 859 557 556 788 166 571 258 433 39 1028 369 367 368 847 708 193 195 497 269 383 685 686 795 158 160 722 582 580 236 351 1051 273 614 553 870 244 575 1146 1145 278 279 186 185 673 828 770 769 96 712 711 821 822 1250 939 1094 577 576 531 733 604 853 1080 36 35 1243 32 34 211 375 1 : 3212.21
0 485 484 272 979 980 1062 881 106 831 832 1160 1262 985 134 136 859 557 556 788 166 571 259 606 81 80 665 692 56 55 786 782 784 914 1217 888 67 516 423 535 130 128 200 195 497 269 383 685 686 795 158 160 722 582 580 236 351 275 716 948 162 161 545 277 872 13 90 142 144 711 821 822 1250 939 1094 577 576 531 733 604 853 1080 36 35 1243 32 34 211 375 1 : 3227.04
0 485 484 272 979 980 1062 881 106 831 832 1160 1262 985 134 136 859 557 556 788 166 571 258 16 38 880 765 786 782 784 914 1217 888 67 516 423 535 536 827 736 737 1149 439 216 268 269 383 685 686 795 158 160 722 582 580 236 351 275 716 948 162 161 545 277 872 13 90 142 144 711 821 822 1250 939 1094 577 576 531 733 604 853 1080 36 35 1243 32 34 211 375 1 : 3240.26
0 485 484 272 979 980 1062 881 106 831 832 1160 1262 985 134 136 859 557 556 788 166 571 258 16 38 880 765 786 782 784 914 1217 888 67 516 423 535 130 128 200 195 497 269 383 685 686 795 158 160 722 582 580 236 351 275 716 948 162 161 545 277 872 13 90 142 144 711 821 822 1250 939 1094 577 576 531 733 604 853 1080 36 35 1243 32 34 211 375 1 : 3182.02


Description: env_cubicles3.graphml:alg_Random Neighborhood Avoidance:radius_0.035:dist_300
 Found 10 of 10 requested paths.
	shortest path length is 2795.33
	longest path length is 3240.26 (1.15917 times as long)
	mean distance to nearest neighbor is 656.515
 Completed in 4.3 seconds


0 485 484 272 979 980 1062 881 106 831 832 1160 1262 985 134 136 859 557 556 788 166 571 258 433 39 1028 369 367 368 847 708 193 195 497 269 383 685 686 795 158 160 722 582 580 236 351 275 716 948 162 161 545 277 872 13 90 142 468 411 298 213 363 207 688 100 862 1089 1080 36 35 1243 32 34 211 375 1 : 2795.33


Description: env_cubicles3.graphml:alg_Random Neighborhood Avoidance:radius_0.04:length_3000
 Found 1 of 10 requested paths.
	shortest path length is 2795.33
	longest path length is 2795.33 (1 times as long)
	mean distance to nearest neighbor is inf
 Completed in 2.11 seconds


0 485 484 272 979 980 1062 881 106 831 832 1160 1262 985 134 136 859 557 556 788 166 571 258 433 39 1028 369 367 368 847 708 193 195 497 269 383 685 686 795 158 160 722 582 580 236 351 275 716 948 162 161 545 277 872 13 90 142 468 411 298 213 363 207 688 100 862 1089 1080 36 35 1243 32 34 211 375 1 : 2795.33
0 485 484 272 979 980 1062 881 106 831 832 1160 1262 985 134 136 859 557 556 788 166 571 258 16 38 880 765 786 782 784 914 1217 888 67 516 423 535 130 128 200 195 497 269 383 685 686 795 158 160 722 582 580 236 351 275 716 948 162 161 545 277 872 13 90 142 468 411 298 213 363 207 688 100 862 1089 1080 36 35 1243 32 34 211 375 1 : 3120.04
0 485 484 272 979 980 1062 881 106 831 832 1160 1262 985 134 136 859 557 556 788 166 571 259 606 81 80 665 692 56 55 786 782 784 914 1217 888 67 516 423 535 130 128 200 195 497 269 383 685 686 795 158 160 722 582 580 236 351 275 716 948 162 161 545 277 872 13 90 142 468 411 298 213 363 207 688 100 862 1089 1080 36 35 1243 32 34 211 375 1 : 3165.06
0 485 484 272 979 980 1062 881 106 831 832 1160 1262 985 134 136 859 557 556 788 166 571 258 17 15 82 664 692 56 55 786 782 784 914 1217 888 67 516 423 535 130 128 200 195 497 269 383 685 686 795 158 160 722 582 580 236 351 275 716 948 162 161 545 277 872 13 90 142 468 411 298 213 363 207 688 100 862 1089 1080 36 35 1243 32 34 211 375 1 : 3154.52
0 485 484 272 979 980 1062 881 106 831 832 1160 1262 985 134 136 859 557 556 788 166 571 258 16 38 880 765 786 782 784 914 1217 888 67 516 423 535 536 827 736 996 439 216 268 269 383 685 686 795 158 160 722 582 580 236 351 275 716 948 162 161 545 277 872 13 90 142 468 411 298 213 363 207 688 100 862 1089 1080 36 35 1243 32 34 211 375 1 : 3156.15


Description: env_cubicles3.graphml:alg_Random Neighborhood Avoidance:radius_0.04:dist_300
 Found 5 of 10 requested paths.
	shortest path length is 2795.33
	longest path length is 3165.06 (1.13227 times as long)
	mean distance to nearest neighbor is 647.281
 Completed in 49.6 seconds


0 485 484 272 979 980 1062 881 106 831 832 1160 1262 985 134 136 859 557 556 788 166 571 258 433 39 1028 369 367 368 847 708 193 195 497 269 383 685 686 795 158 160 722 582 580 236 351 275 716 948 162 161 545 277 872 13 90 142 468 411 298 213 363 207 688 100 862 1089 1080 36 35 1243 32 34 211 375 1 : 2795.33


Description: env_cubicles3.graphml:alg_Random Neighborhood Avoidance:radius_0.045:length_3000
 Found 1 of 10 requested paths.
	shortest path length is 2795.33
	longest path length is 2795.33 (1 times as long)
	mean distance to nearest neighbor is inf
 Completed in 2.06 seconds


0 485 484 272 979 980 1062 881 106 831 832 1160 1262 985 134 136 859 557 556 788 166 571 258 433 39 1028 369 367 368 847 708 193 195 497 269 383 685 686 795 158 160 722 582 580 236 351 275 716 948 162 161 545 277 872 13 90 142 468 411 298 213 363 207 688 100 862 1089 1080 36 35 1243 32 34 211 375 1 : 2795.33
0 485 484 272 979 980 1062 881 106 831 832 1160 1262 985 134 136 859 557 556 788 166 571 258 16 38 880 765 786 782 784 914 1217 888 67 516 423 535 130 128 200 195 497 269 383 685 686 795 158 160 722 582 580 236 351 275 716 948 162 161 545 277 872 13 90 142 468 411 298 213 363 207 688 100 862 1089 1080 36 35 1243 32 34 211 375 1 : 3120.04
0 485 484 272 979 980 1062 881 106 831 832 1160 1262 985 134 136 859 557 556 788 166 571 258 17 15 82 664 692 56 55 786 782 784 914 1217 888 67 516 423 535 130 128 200 195 497 269 383 685 686 795 158 160 722 582 580 236 351 275 716 948 162 161 545 277 872 13 90 142 468 411 298 213 363 207 688 100 862 1089 1080 36 35 1243 32 34 211 375 1 : 3154.52
0 485 484 272 979 980 1062 881 106 831 832 1160 1262 985 134 136 859 557 556 788 166 571 258 16 38 880 765 786 782 784 914 1217 888 67 516 423 535 536 827 736 996 439 216 268 269 383 685 686 795 158 160 722 582 580 236 351 275 716 948 162 161 545 277 872 13 90 142 468 411 298 213 363 207 688 100 862 1089 1080 36 35 1243 32 34 211 375 1 : 3156.15


Description: env_cubicles3.graphml:alg_Random Neighborhood Avoidance:radius_0.045:dist_300
 Found 4 of 10 requested paths.
	shortest path length is 2795.33
	longest path length is 3156.15 (1.12908 times as long)
	mean distance to nearest neighbor is 698.678
 Completed in 33.1 seconds


0 485 484 272 979 980 1062 881 106 831 832 1160 1262 985 134 136 859 557 556 788 166 571 258 433 39 1028 369 367 368 847 708 193 195 497 269 383 685 686 795 158 160 722 582 580 236 351 275 716 948 162 161 545 277 872 13 90 142 468 411 298 213 363 207 688 100 862 1089 1080 36 35 1243 32 34 211 375 1 : 2795.33


Description: env_cubicles3.graphml:alg_Random Neighborhood Avoidance:radius_0.05:length_3000
 Found 1 of 10 requested paths.
	shortest path length is 2795.33
	longest path length is 2795.33 (1 times as long)
	mean distance to nearest neighbor is inf
 Completed in 1.96 seconds


0 485 484 272 979 980 1062 881 106 831 832 1160 1262 985 134 136 859 557 556 788 166 571 258 433 39 1028 369 367 368 847 708 193 195 497 269 383 685 686 795 158 160 722 582 580 236 351 275 716 948 162 161 545 277 872 13 90 142 468 411 298 213 363 207 688 100 862 1089 1080 36 35 1243 32 34 211 375 1 : 2795.33
0 485 484 272 979 980 1062 881 106 831 832 1160 1262 985 134 136 859 557 556 788 166 571 259 606 81 80 665 692 56 55 786 782 784 914 1217 888 67 516 423 535 130 128 200 195 497 269 383 685 686 795 158 160 722 582 580 236 351 275 716 948 162 161 545 277 872 13 90 142 468 411 298 213 363 207 688 100 862 1089 1080 36 35 1243 32 34 211 375 1 : 3165.06
0 485 484 272 979 980 1062 881 106 831 832 1160 1262 985 134 136 859 557 556 788 166 571 258 16 38 880 765 786 782 784 914 1217 888 67 516 423 535 536 827 736 996 439 216 268 269 383 685 686 795 158 160 722 582 580 236 351 275 716 948 162 161 545 277 872 13 90 142 468 411 298 213 363 207 688 100 862 1089 1080 36 35 1243 32 34 211 375 1 : 3156.15
0 485 484 272 979 980 1062 881 106 831 832 1160 1262 985 134 136 859 557 556 788 166 571 258 17 15 82 664 692 56 55 786 782 784 914 1217 888 67 516 423 535 536 827 736 996 439 216 268 269 383 685 686 795 158 160 722 582 580 236 351 275 716 948 162 161 545 277 872 13 90 142 468 411 298 213 363 207 688 100 862 1089 1080 36 35 1243 32 34 211 375 1 : 3190.63
0 485 484 272 979 980 1062 881 106 831 832 1160 1262 985 134 136 859 557 556 788 166 571 258 17 15 82 664 692 56 55 786 782 784 914 1217 888 67 516 423 535 130 128 200 195 497 269 383 685 686 795 158 160 722 582 580 236 351 275 716 948 162 161 545 277 872 13 90 142 468 411 298 213 363 207 688 100 862 1089 1080 36 35 1243 32 34 211 375 1 : 3154.52


Description: env_cubicles3.graphml:alg_Random Neighborhood Avoidance:radius_0.05:dist_300
 Found 5 of 10 requested paths.
	shortest path length is 2795.33
	longest path length is 3190.63 (1.14141 times as long)
	mean distance to nearest neighbor is 651.033
 Completed in 32.96 seconds


