0 85 86 97 72 71 57 35 36 46 54 32 31 33 55 81 51 76 14 16 38 73 28 30 92 90 93 1 : 2566.86
0 85 86 97 72 71 57 37 62 36 46 54 32 31 33 55 81 51 76 14 16 38 73 28 30 92 90 93 1 : 2571.42
0 85 86 97 72 71 57 35 36 46 54 32 31 33 55 81 51 76 14 16 34 29 28 30 92 90 93 1 : 2576.94
0 85 86 97 72 71 57 35 36 46 54 32 31 33 55 81 51 76 14 16 38 73 28 30 61 1 : 2580.91
0 85 86 97 72 71 57 37 62 36 46 54 32 31 33 55 81 51 76 14 16 34 29 28 30 92 90 93 1 : 2581.5
0 85 86 97 72 71 57 37 62 36 46 54 32 31 33 55 81 51 76 14 16 38 73 28 30 61 1 : 2585.46
0 85 86 97 72 71 57 35 36 46 54 32 31 33 55 81 51 76 14 16 34 29 28 30 61 1 : 2590.99
0 85 86 97 72 71 57 35 36 46 54 32 31 33 55 81 51 76 78 16 38 73 28 30 92 90 93 1 : 2593.38
0 85 86 97 72 71 57 37 62 36 46 54 32 31 33 55 81 51 76 14 16 34 29 28 30 61 1 : 2595.55
0 85 86 97 72 71 57 37 62 36 46 54 32 31 33 55 81 51 76 78 16 38 73 28 30 92 90 93 1 : 2597.93


Description: env_cubicles2.graphml:alg_Eppstein's K shortest paths:length_3500
 Found 10 of 10 requested paths.
	shortest path length is 2566.86
	longest path length is 2597.93 (1.01211 times as long)
	mean distance to nearest neighbor is 437.897
 Completed in 0.03 seconds


0 85 86 97 72 71 57 35 36 46 54 32 31 33 55 81 51 76 14 16 38 73 28 30 92 90 93 1 : 2566.86
0 85 86 97 72 71 57 37 62 36 46 54 32 31 33 55 81 51 76 14 16 38 73 28 30 92 90 93 1 : 2571.42
0 85 86 97 72 71 57 35 36 46 54 32 31 33 55 81 51 76 14 16 34 29 28 30 92 90 93 1 : 2576.94
0 85 86 97 72 71 57 35 36 46 54 32 31 33 55 81 51 76 14 16 38 73 28 30 61 1 : 2580.91
0 85 86 97 72 71 57 37 62 36 46 54 32 31 33 55 81 51 76 14 16 34 29 28 30 92 90 93 1 : 2581.5
0 85 86 97 72 71 57 37 62 36 46 54 32 31 33 55 81 51 76 14 16 38 73 28 30 61 1 : 2585.46
0 85 86 97 72 71 57 35 36 46 54 32 31 33 55 81 51 76 14 16 34 29 28 30 61 1 : 2590.99
0 85 86 97 72 71 57 35 36 46 54 32 31 33 55 81 51 76 78 16 38 73 28 30 92 90 93 1 : 2593.38
0 85 86 97 72 71 57 37 62 36 46 54 32 31 33 55 81 51 76 14 16 34 29 28 30 61 1 : 2595.55
0 85 86 97 72 71 57 37 62 36 46 54 32 31 33 55 81 51 76 78 16 38 73 28 30 92 90 93 1 : 2597.93


Description: env_cubicles2.graphml:alg_Eppstein's K shortest paths:dist_300
 Found 10 of 10 requested paths.
	shortest path length is 2566.86
	longest path length is 2597.93 (1.01211 times as long)
	mean distance to nearest neighbor is 437.897
 Completed in 0.03 seconds


0 85 86 97 72 71 57 35 36 46 54 32 31 33 55 81 51 76 14 16 38 73 28 30 92 90 93 1 : 2566.86
0 85 86 97 72 71 57 35 36 46 54 32 31 33 55 81 51 76 14 16 34 29 28 30 92 90 93 1 : 2576.94
0 85 86 97 72 71 57 35 36 46 54 32 31 33 55 81 51 76 14 16 38 73 28 30 61 1 : 2580.91
0 85 86 97 72 71 57 35 36 46 54 32 31 33 55 81 51 50 78 16 38 73 28 30 92 90 93 1 : 2634.5
0 85 86 97 72 71 57 35 36 46 54 32 31 33 55 81 51 76 78 16 38 73 28 30 92 90 93 1 : 2593.38
0 85 86 97 72 71 57 58 60 82 83 84 64 63 47 54 32 31 33 55 81 51 76 14 16 38 73 28 30 92 90 93 1 : 3041.42
0 85 86 97 72 71 57 37 62 36 46 54 32 31 33 55 81 51 76 14 16 38 73 28 30 92 90 93 1 : 2571.42
0 85 86 97 72 71 57 58 60 35 36 46 54 32 31 33 55 81 51 76 14 16 38 73 28 30 92 90 93 1 : 2730.89
0 85 86 97 72 71 57 35 36 46 54 32 31 33 55 81 51 76 78 16 34 29 28 30 92 90 93 1 : 2603.46
0 85 86 97 72 71 57 35 36 46 54 32 31 33 55 81 51 76 14 16 34 29 28 30 61 1 : 2590.99


Description: env_cubicles2.graphml:alg_Random Neighborhood Avoidance:radius_0.0025:length_3500
 Found 10 of 10 requested paths.
	shortest path length is 2566.86
	longest path length is 3041.42 (1.18488 times as long)
	mean distance to nearest neighbor is 493.83
 Completed in 0.19 seconds


0 85 86 97 72 71 57 35 36 46 54 32 31 33 55 81 51 76 14 16 38 73 28 30 92 90 93 1 : 2566.86
0 85 86 97 72 71 57 35 36 46 54 32 31 33 55 81 51 76 14 16 38 73 28 30 61 1 : 2580.91
0 85 86 97 72 71 57 37 62 36 46 54 32 31 33 55 81 51 76 14 16 38 73 28 30 92 90 93 1 : 2571.42
0 85 86 97 72 71 57 35 36 46 54 32 31 33 55 81 51 76 14 16 34 29 28 30 92 90 93 1 : 2576.94
0 85 86 97 72 71 57 35 36 46 54 32 31 33 55 81 51 50 78 16 38 73 28 30 92 90 93 1 : 2634.5
0 85 86 97 72 71 57 58 60 82 83 84 64 63 47 54 32 31 33 55 81 51 76 14 16 38 73 28 30 92 90 93 1 : 3041.42
0 85 86 97 72 71 57 35 36 46 54 32 31 33 55 81 51 76 78 16 38 73 28 30 92 90 93 1 : 2593.38
0 85 86 97 72 71 57 58 60 82 83 84 64 63 47 54 32 31 33 55 81 51 76 14 16 38 73 28 30 61 1 : 3055.47
0 85 86 97 72 71 57 35 36 46 54 32 31 33 55 81 51 76 78 16 38 73 28 30 61 1 : 2607.42
0 85 86 97 72 71 57 35 36 46 54 32 31 33 55 81 51 76 14 16 34 29 28 30 61 1 : 2590.99


Description: env_cubicles2.graphml:alg_Random Neighborhood Avoidance:radius_0.0025:dist_300
 Found 10 of 10 requested paths.
	shortest path length is 2566.86
	longest path length is 3055.47 (1.19035 times as long)
	mean distance to nearest neighbor is 443.97
 Completed in 0.22 seconds


0 85 86 97 72 71 57 35 36 46 54 32 31 33 55 81 51 76 14 16 38 73 28 30 92 90 93 1 : 2566.86
0 85 86 97 72 71 57 58 60 82 83 84 64 63 47 54 32 31 33 55 81 51 76 14 16 38 73 28 30 92 90 93 1 : 3041.42
0 85 86 97 72 71 57 35 36 46 54 32 31 33 55 81 51 76 14 16 38 73 28 30 61 1 : 2580.91
0 85 86 97 72 71 87 80 79 58 60 35 36 46 54 32 31 33 55 81 51 76 14 16 38 73 28 30 92 90 93 1 : 2805.66
0 85 86 97 72 71 57 37 62 36 46 54 32 31 33 55 81 51 76 14 16 38 73 28 30 92 90 93 1 : 2571.42
0 85 86 97 72 71 57 35 36 46 54 32 31 33 55 81 51 76 78 16 38 73 28 30 92 90 93 1 : 2593.38
0 85 86 97 72 71 57 35 36 46 54 32 31 33 55 81 51 76 14 16 34 29 28 30 92 90 93 1 : 2576.94
0 85 86 97 72 71 57 58 60 82 83 84 64 63 47 54 32 31 33 55 81 51 76 14 16 38 73 28 30 61 1 : 3055.47
0 85 86 97 72 71 57 58 60 82 83 84 64 63 47 54 32 31 33 55 81 51 76 14 16 34 29 28 30 92 90 93 1 : 3051.5
0 85 86 97 72 71 87 80 79 58 60 82 83 84 64 63 47 54 32 31 33 55 81 51 76 14 16 38 73 28 30 92 90 93 1 : 3116.19


Description: env_cubicles2.graphml:alg_Random Neighborhood Avoidance:radius_0.005:length_3500
 Found 10 of 10 requested paths.
	shortest path length is 2566.86
	longest path length is 3116.19 (1.21401 times as long)
	mean distance to nearest neighbor is 532.274
 Completed in 0.28 seconds


0 85 86 97 72 71 57 35 36 46 54 32 31 33 55 81 51 76 14 16 38 73 28 30 92 90 93 1 : 2566.86
0 85 86 97 72 71 57 35 36 46 54 32 31 33 55 81 51 76 78 16 38 73 28 30 92 90 93 1 : 2593.38
0 85 86 97 72 71 57 37 62 36 46 54 32 31 33 55 81 51 76 14 16 38 73 28 30 92 90 93 1 : 2571.42
0 85 86 97 72 71 57 35 36 46 54 32 31 33 55 81 51 76 14 16 38 73 28 30 61 1 : 2580.91
0 85 86 97 72 71 57 35 36 46 54 32 31 33 55 81 51 76 14 16 34 29 28 30 92 90 93 1 : 2576.94
0 85 86 97 72 71 57 58 60 82 83 84 64 63 47 54 32 31 33 55 81 51 76 14 16 38 73 28 30 92 90 93 1 : 3041.42
0 85 86 97 72 71 87 80 79 58 60 35 36 46 54 32 31 33 55 81 51 76 14 16 38 73 28 30 92 90 93 1 : 2805.66
0 85 86 97 72 71 57 35 36 46 54 32 31 33 55 81 51 76 78 16 38 73 28 30 61 1 : 2607.42
0 85 86 97 72 71 57 37 62 36 46 54 32 31 33 55 81 51 76 78 16 38 73 28 30 92 90 93 1 : 2597.93
0 85 86 97 72 71 57 35 36 46 54 32 31 33 55 81 51 76 78 16 34 29 28 30 92 90 93 1 : 2603.46


Description: env_cubicles2.graphml:alg_Random Neighborhood Avoidance:radius_0.005:dist_300
 Found 10 of 10 requested paths.
	shortest path length is 2566.86
	longest path length is 3041.42 (1.18488 times as long)
	mean distance to nearest neighbor is 507.281
 Completed in 0.19 seconds


0 85 86 97 72 71 57 35 36 46 54 32 31 33 55 81 51 76 14 16 38 73 28 30 92 90 93 1 : 2566.86
0 85 86 97 72 71 57 35 36 46 54 32 31 33 55 81 51 76 14 16 38 73 28 30 61 1 : 2580.91
0 85 86 97 72 71 57 35 36 46 54 32 31 33 55 81 51 76 14 16 34 29 28 30 92 90 93 1 : 2576.94
0 85 86 97 72 71 57 35 36 46 54 32 31 33 55 81 51 50 78 16 38 73 28 30 92 90 93 1 : 2634.5
0 85 86 97 72 71 87 80 79 58 60 35 36 46 54 32 31 33 55 81 51 76 14 16 38 73 28 30 92 90 93 1 : 2805.66
0 85 86 97 72 71 57 35 36 46 54 32 31 33 55 81 51 76 78 16 38 73 28 30 92 90 93 1 : 2593.38
0 85 86 97 72 71 57 58 60 82 83 84 64 63 47 54 32 31 33 55 81 51 76 14 16 38 73 28 30 92 90 93 1 : 3041.42
0 85 86 97 72 71 57 37 62 36 46 54 32 31 33 55 81 51 76 14 16 38 73 28 30 92 90 93 1 : 2571.42
0 85 86 97 72 71 57 35 36 46 54 32 31 33 55 81 51 76 78 16 38 73 28 30 61 1 : 2607.42
0 85 86 97 72 71 87 80 79 58 60 35 36 46 54 32 31 33 55 81 51 76 14 16 38 73 28 30 61 1 : 2819.7


Description: env_cubicles2.graphml:alg_Random Neighborhood Avoidance:radius_0.0075:length_3500
 Found 10 of 10 requested paths.
	shortest path length is 2566.86
	longest path length is 3041.42 (1.18488 times as long)
	mean distance to nearest neighbor is 529.869
 Completed in 0.2 seconds


0 85 86 97 72 71 57 35 36 46 54 32 31 33 55 81 51 76 14 16 38 73 28 30 92 90 93 1 : 2566.86
0 85 86 97 72 71 57 35 36 46 54 32 31 33 55 81 51 76 78 16 38 73 28 30 92 90 93 1 : 2593.38
0 85 86 97 72 71 57 35 36 46 54 32 31 33 55 81 51 76 14 16 34 29 28 30 92 90 93 1 : 2576.94
0 85 86 97 72 71 87 80 79 58 60 35 36 46 54 32 31 33 55 81 51 76 14 16 38 73 28 30 92 90 93 1 : 2805.66
0 85 86 97 72 71 57 35 36 46 54 32 31 33 55 81 51 76 14 16 38 73 28 30 61 1 : 2580.91
0 85 86 97 72 71 57 37 62 36 46 54 32 31 33 55 81 51 76 14 16 38 73 28 30 92 90 93 1 : 2571.42
0 85 86 97 72 71 57 58 60 82 83 84 64 63 47 54 32 31 33 55 81 51 76 14 16 38 73 28 30 92 90 93 1 : 3041.42
0 85 86 97 72 71 57 35 36 46 54 32 31 33 55 81 51 76 78 16 38 73 28 30 61 1 : 2607.42
0 85 86 97 72 71 57 58 60 82 83 84 64 63 47 54 32 31 33 55 81 51 76 78 16 38 73 28 30 92 90 93 1 : 3067.94
0 85 86 97 72 71 87 80 79 58 60 35 36 46 54 32 31 33 55 81 51 76 78 16 38 73 28 30 92 90 93 1 : 2832.17


Description: env_cubicles2.graphml:alg_Random Neighborhood Avoidance:radius_0.0075:dist_300
 Found 10 of 10 requested paths.
	shortest path length is 2566.86
	longest path length is 3067.94 (1.19521 times as long)
	mean distance to nearest neighbor is 412.202
 Completed in 0.19 seconds


0 85 86 97 72 71 57 35 36 46 54 32 31 33 55 81 51 76 14 16 38 73 28 30 92 90 93 1 : 2566.86
0 85 86 97 72 71 57 58 60 82 83 84 64 63 47 54 32 31 33 55 81 51 76 14 16 38 73 28 30 92 90 93 1 : 3041.42
0 85 86 97 72 71 87 80 79 58 60 35 36 46 54 32 31 33 55 81 51 76 14 16 38 73 28 30 92 90 93 1 : 2805.66
0 85 86 97 72 71 57 35 36 46 54 32 31 33 55 81 51 76 14 16 34 29 28 30 92 90 93 1 : 2576.94
0 85 86 97 72 71 57 35 36 46 54 32 31 33 55 81 51 76 14 16 38 73 28 30 61 1 : 2580.91
0 85 86 97 72 71 57 35 36 46 54 32 31 33 55 81 51 50 78 16 38 73 28 30 92 90 93 1 : 2634.5
0 85 86 97 72 71 57 35 36 46 54 32 31 33 55 81 51 76 78 16 38 73 28 30 92 90 93 1 : 2593.38
0 85 86 97 72 71 57 37 62 36 46 54 32 31 33 55 81 51 76 14 16 38 73 28 30 92 90 93 1 : 2571.42
0 85 86 97 72 71 57 58 60 82 83 84 64 63 47 54 32 31 33 55 81 51 76 14 16 34 29 28 30 92 90 93 1 : 3051.5
0 85 86 97 72 71 87 80 79 58 60 82 83 84 64 63 47 54 32 31 33 55 81 51 76 14 16 38 73 28 30 92 90 93 1 : 3116.19


Description: env_cubicles2.graphml:alg_Random Neighborhood Avoidance:radius_0.01:length_3500
 Found 10 of 10 requested paths.
	shortest path length is 2566.86
	longest path length is 3116.19 (1.21401 times as long)
	mean distance to nearest neighbor is 516.538
 Completed in 0.21 seconds


0 85 86 97 72 71 57 35 36 46 54 32 31 33 55 81 51 76 14 16 38 73 28 30 92 90 93 1 : 2566.86
0 85 86 97 72 71 57 35 36 46 54 32 31 33 55 81 51 76 14 16 34 29 28 30 92 90 93 1 : 2576.94
0 85 86 97 72 71 57 35 36 46 54 32 31 33 55 81 51 76 78 16 38 73 28 30 92 90 93 1 : 2593.38
0 85 86 97 72 71 57 58 60 82 83 84 64 63 47 54 32 31 33 55 81 51 76 14 16 38 73 28 30 92 90 93 1 : 3041.42
0 85 86 97 72 71 57 37 62 36 46 54 32 31 33 55 81 51 76 14 16 38 73 28 30 92 90 93 1 : 2571.42
0 85 86 97 72 71 57 35 36 46 54 32 31 33 55 81 51 76 14 16 38 73 28 30 61 1 : 2580.91
0 85 86 97 72 71 87 80 79 58 60 35 36 46 54 32 31 33 55 81 51 76 14 16 38 73 28 30 92 90 93 1 : 2805.66
0 85 86 97 72 71 57 58 60 82 83 84 64 63 47 54 32 31 33 55 81 51 76 14 16 34 29 28 30 92 90 93 1 : 3051.5
0 85 86 97 72 71 57 35 36 46 54 32 31 33 55 81 51 50 78 16 34 29 28 30 92 90 93 1 : 2644.59
0 85 86 97 72 71 57 35 36 46 54 32 31 33 55 81 51 76 14 16 34 29 28 30 61 1 : 2590.99


Description: env_cubicles2.graphml:alg_Random Neighborhood Avoidance:radius_0.01:dist_300
 Found 10 of 10 requested paths.
	shortest path length is 2566.86
	longest path length is 3051.5 (1.18881 times as long)
	mean distance to nearest neighbor is 559.618
 Completed in 0.29 seconds


0 85 86 97 72 71 57 35 36 46 54 32 31 33 55 81 51 76 14 16 38 73 28 30 92 90 93 1 : 2566.86
0 85 86 97 72 71 57 37 62 36 46 54 32 31 33 55 81 51 76 14 16 38 73 28 30 92 90 93 1 : 2571.42
0 85 86 97 72 71 57 35 36 46 54 32 31 33 55 81 51 76 14 16 38 73 28 30 61 1 : 2580.91
0 85 86 97 72 71 57 35 36 46 54 32 31 33 55 81 51 76 14 16 34 29 28 30 92 90 93 1 : 2576.94
0 85 86 97 72 71 57 35 36 46 54 32 31 33 55 81 51 50 78 16 38 73 28 30 92 90 93 1 : 2634.5
0 85 86 97 72 71 57 35 36 46 54 32 31 33 55 81 51 76 78 16 38 73 28 30 92 90 93 1 : 2593.38
0 85 86 97 72 71 57 58 60 82 83 84 64 63 47 54 32 31 33 55 81 51 76 14 16 38 73 28 30 92 90 93 1 : 3041.42
0 85 86 97 72 71 87 80 79 58 60 35 36 46 54 32 31 33 55 81 51 76 14 16 38 73 28 30 92 90 93 1 : 2805.66
0 85 86 97 72 71 57 37 62 36 46 54 32 31 33 55 81 51 76 14 16 38 73 28 30 61 1 : 2585.46
0 85 86 97 72 71 87 80 79 58 60 82 83 84 64 63 47 54 32 31 33 55 81 51 76 14 16 38 73 28 30 92 90 93 1 : 3116.19


Description: env_cubicles2.graphml:alg_Random Neighborhood Avoidance:radius_0.0125:length_3500
 Found 10 of 10 requested paths.
	shortest path length is 2566.86
	longest path length is 3116.19 (1.21401 times as long)
	mean distance to nearest neighbor is 493.492
 Completed in 0.17 seconds


0 85 86 97 72 71 57 35 36 46 54 32 31 33 55 81 51 76 14 16 38 73 28 30 92 90 93 1 : 2566.86
0 85 86 97 72 71 57 35 36 46 54 32 31 33 55 81 51 50 78 16 38 73 28 30 92 90 93 1 : 2634.5
0 85 86 97 72 71 57 35 36 46 54 32 31 33 55 81 51 76 14 16 34 29 28 30 92 90 93 1 : 2576.94
0 85 86 97 72 71 57 37 62 36 46 54 32 31 33 55 81 51 76 14 16 38 73 28 30 92 90 93 1 : 2571.42
0 85 86 97 72 71 57 35 36 46 54 32 31 33 55 81 51 76 14 16 38 73 28 30 61 1 : 2580.91
0 85 86 97 72 71 87 80 79 58 60 35 36 46 54 32 31 33 55 81 51 76 14 16 38 73 28 30 92 90 93 1 : 2805.66
0 85 86 97 72 71 57 58 60 82 83 84 64 63 47 54 32 31 33 55 81 51 76 14 16 38 73 28 30 92 90 93 1 : 3041.42
0 85 86 97 72 71 57 35 36 46 54 32 31 33 55 81 51 50 78 16 34 29 28 30 92 90 93 1 : 2644.59
0 85 86 97 72 71 87 80 79 58 60 35 36 46 54 32 31 33 55 81 51 50 78 16 38 73 28 30 92 90 93 1 : 2873.3
0 85 86 97 72 71 57 35 36 46 54 32 31 33 55 81 51 50 78 16 38 73 28 30 61 1 : 2648.55


Description: env_cubicles2.graphml:alg_Random Neighborhood Avoidance:radius_0.0125:dist_300
 Found 10 of 10 requested paths.
	shortest path length is 2566.86
	longest path length is 3041.42 (1.18488 times as long)
	mean distance to nearest neighbor is 616.305
 Completed in 0.19 seconds


0 85 86 97 72 71 57 35 36 46 54 32 31 33 55 81 51 76 14 16 38 73 28 30 92 90 93 1 : 2566.86
0 85 86 97 72 71 57 35 36 46 54 32 31 33 55 81 51 76 14 16 34 29 28 30 92 90 93 1 : 2576.94
0 85 86 97 72 71 57 37 62 36 46 54 32 31 33 55 81 51 76 14 16 38 73 28 30 92 90 93 1 : 2571.42
0 85 86 97 72 71 87 80 79 58 60 35 36 46 54 32 31 33 55 81 51 76 14 16 38 73 28 30 92 90 93 1 : 2805.66
0 85 86 97 72 71 57 35 36 46 54 32 31 33 55 81 51 76 14 16 38 73 28 30 61 1 : 2580.91
0 85 86 97 72 71 57 35 36 46 54 32 31 33 55 81 51 76 78 16 38 73 28 30 92 90 93 1 : 2593.38
0 85 86 97 72 71 57 35 36 46 54 32 31 33 55 81 51 50 78 16 38 73 28 30 92 90 93 1 : 2634.5
0 85 86 97 72 71 57 35 36 46 54 32 31 33 55 81 51 76 14 16 34 29 28 30 61 1 : 2590.99
0 85 86 97 72 71 87 80 79 58 60 35 36 46 54 32 31 33 55 81 51 76 14 16 34 29 28 30 92 90 93 1 : 2815.74
0 85 86 97 72 71 57 37 62 36 46 54 32 31 33 55 81 51 76 14 16 34 29 28 30 92 90 93 1 : 2581.5


Description: env_cubicles2.graphml:alg_Random Neighborhood Avoidance:radius_0.015:length_3500
 Found 10 of 10 requested paths.
	shortest path length is 2566.86
	longest path length is 2815.74 (1.09696 times as long)
	mean distance to nearest neighbor is 494.805
 Completed in 0.27 seconds


0 85 86 97 72 71 57 35 36 46 54 32 31 33 55 81 51 76 14 16 38 73 28 30 92 90 93 1 : 2566.86
0 85 86 97 72 71 57 35 36 46 54 32 31 33 55 81 51 76 14 16 38 73 28 30 61 1 : 2580.91
0 85 86 97 72 71 57 58 60 82 83 84 64 63 47 54 32 31 33 55 81 51 76 14 16 38 73 28 30 92 90 93 1 : 3041.42
0 85 86 97 72 71 57 35 36 46 54 32 31 33 55 81 51 50 78 16 38 73 28 30 92 90 93 1 : 2634.5
0 85 86 97 72 71 57 35 36 46 54 32 31 33 55 81 51 76 14 16 34 29 28 30 92 90 93 1 : 2576.94
0 85 86 97 72 71 87 80 79 58 60 35 36 46 54 32 31 33 55 81 51 76 14 16 38 73 28 30 92 90 93 1 : 2805.66
0 85 86 97 72 71 57 35 36 46 54 32 31 33 55 81 51 76 14 16 34 29 28 30 61 1 : 2590.99
0 85 86 97 72 71 57 58 60 82 83 84 64 63 47 54 32 31 33 55 81 51 76 14 16 38 73 28 30 61 1 : 3055.47
0 85 86 97 72 71 57 35 36 46 54 32 31 33 55 81 51 50 78 16 38 73 28 30 61 1 : 2648.55
0 85 86 97 72 71 57 35 36 46 54 32 31 33 55 81 51 76 14 16 38 73 28 30 92 90 89 1 : 2679.57


Description: env_cubicles2.graphml:alg_Random Neighborhood Avoidance:radius_0.015:dist_300
 Found 10 of 10 requested paths.
	shortest path length is 2566.86
	longest path length is 3055.47 (1.19035 times as long)
	mean distance to nearest neighbor is 515.076
 Completed in 0.23 seconds


0 85 86 97 72 71 57 35 36 46 54 32 31 33 55 81 51 76 14 16 38 73 28 30 92 90 93 1 : 2566.86
0 85 86 97 72 71 57 35 36 46 54 32 31 33 55 81 51 76 78 16 38 73 28 30 92 90 93 1 : 2593.38
0 85 86 97 72 71 57 35 36 46 54 32 31 33 55 81 51 76 14 16 38 73 28 30 61 1 : 2580.91
0 85 86 97 72 71 57 37 62 36 46 54 32 31 33 55 81 51 76 14 16 38 73 28 30 92 90 93 1 : 2571.42
0 85 86 97 72 71 57 35 36 46 54 32 31 33 55 81 51 76 14 16 34 29 28 30 92 90 93 1 : 2576.94
0 85 86 97 72 71 57 58 60 82 83 84 64 63 47 54 32 31 33 55 81 51 76 14 16 38 73 28 30 92 90 93 1 : 3041.42
0 85 86 97 72 71 57 35 36 46 54 32 31 33 55 81 51 76 78 16 34 29 28 30 92 90 93 1 : 2603.46
0 85 86 97 72 71 57 35 36 46 54 32 31 33 55 81 51 76 78 16 38 73 28 30 61 1 : 2607.42
0 85 86 97 72 71 57 58 60 82 83 84 64 63 47 54 32 31 33 55 81 51 76 78 16 38 73 28 30 92 90 93 1 : 3067.94
0 85 86 97 72 71 87 80 79 58 60 35 36 46 54 32 31 33 55 81 51 76 78 16 38 73 28 30 92 90 93 1 : 2832.17


Description: env_cubicles2.graphml:alg_Random Neighborhood Avoidance:radius_0.0175:length_3500
 Found 10 of 10 requested paths.
	shortest path length is 2566.86
	longest path length is 3067.94 (1.19521 times as long)
	mean distance to nearest neighbor is 431.343
 Completed in 0.3 seconds


0 85 86 97 72 71 57 35 36 46 54 32 31 33 55 81 51 76 14 16 38 73 28 30 92 90 93 1 : 2566.86
0 85 86 97 72 71 57 35 36 46 54 32 31 33 55 81 51 76 14 16 38 73 28 30 61 1 : 2580.91
0 85 86 97 72 71 57 35 36 46 54 32 31 33 55 81 51 76 78 16 38 73 28 30 92 90 93 1 : 2593.38
0 85 86 97 72 71 57 35 36 46 54 32 31 33 55 81 51 76 14 16 34 29 28 30 92 90 93 1 : 2576.94
0 85 86 97 72 71 57 37 62 36 46 54 32 31 33 55 81 51 76 14 16 38 73 28 30 92 90 93 1 : 2571.42
0 85 86 97 72 71 57 35 36 46 54 32 31 33 55 81 51 50 78 16 38 73 28 30 92 90 93 1 : 2634.5
0 85 86 97 72 71 57 58 60 82 83 84 64 63 47 54 32 31 33 55 81 51 76 14 16 38 73 28 30 92 90 93 1 : 3041.42
0 85 86 97 72 71 57 35 36 46 54 32 31 33 55 81 51 50 78 16 38 73 28 30 61 1 : 2648.55
0 85 86 97 72 71 57 58 60 82 83 84 64 63 47 54 32 31 33 55 81 51 76 14 16 38 73 28 30 61 1 : 3055.47
0 85 86 97 72 71 57 37 62 36 46 54 32 31 33 55 81 51 76 14 16 38 73 28 30 61 1 : 2585.46


Description: env_cubicles2.graphml:alg_Random Neighborhood Avoidance:radius_0.0175:dist_300
 Found 10 of 10 requested paths.
	shortest path length is 2566.86
	longest path length is 3055.47 (1.19035 times as long)
	mean distance to nearest neighbor is 480.482
 Completed in 0.23 seconds


0 85 86 97 72 71 57 35 36 46 54 32 31 33 55 81 51 76 14 16 38 73 28 30 92 90 93 1 : 2566.86
0 85 86 97 72 71 57 37 62 36 46 54 32 31 33 55 81 51 76 14 16 38 73 28 30 92 90 93 1 : 2571.42
0 85 86 97 72 71 57 35 36 46 54 32 31 33 55 81 51 76 14 16 38 73 28 30 61 1 : 2580.91
0 85 86 97 72 71 57 35 36 46 54 32 31 33 55 81 51 76 14 16 34 29 28 30 92 90 93 1 : 2576.94
0 85 86 97 72 71 57 35 36 46 54 32 31 33 55 81 51 76 78 16 38 73 28 30 92 90 93 1 : 2593.38
0 85 86 97 72 71 57 35 36 46 54 32 31 33 55 81 51 50 78 16 38 73 28 30 92 90 93 1 : 2634.5
0 85 86 97 72 71 57 58 60 82 83 84 64 63 47 54 32 31 33 55 81 51 76 14 16 38 73 28 30 92 90 93 1 : 3041.42
0 85 86 97 72 71 57 37 62 36 46 54 32 31 33 55 81 51 76 14 16 34 29 28 30 92 90 93 1 : 2581.5
0 85 86 97 72 71 57 37 62 36 46 54 32 31 33 55 81 51 76 78 16 38 73 28 30 92 90 93 1 : 2597.93
0 85 86 97 72 71 57 37 62 36 46 54 32 31 33 55 81 51 50 78 16 38 73 28 30 92 90 93 1 : 2639.06


Description: env_cubicles2.graphml:alg_Random Neighborhood Avoidance:radius_0.02:length_3500
 Found 10 of 10 requested paths.
	shortest path length is 2566.86
	longest path length is 3041.42 (1.18488 times as long)
	mean distance to nearest neighbor is 495.449
 Completed in 0.2 seconds


0 85 86 97 72 71 57 35 36 46 54 32 31 33 55 81 51 76 14 16 38 73 28 30 92 90 93 1 : 2566.86
0 85 86 97 72 71 57 58 60 82 83 84 64 63 47 54 32 31 33 55 81 51 76 14 16 38 73 28 30 92 90 93 1 : 3041.42
0 85 86 97 72 71 57 35 36 46 54 32 31 33 55 81 51 50 78 16 38 73 28 30 92 90 93 1 : 2634.5
0 85 86 97 72 71 57 35 36 46 54 32 31 33 55 81 51 76 14 16 34 29 28 30 92 90 93 1 : 2576.94
0 85 86 97 72 71 57 35 36 46 54 32 31 33 55 81 51 76 78 16 38 73 28 30 92 90 93 1 : 2593.38
0 85 86 97 72 71 57 35 36 46 54 32 31 33 55 81 51 76 14 16 38 73 28 30 61 1 : 2580.91
0 85 86 97 72 71 57 58 60 82 83 84 64 63 47 54 32 31 33 55 81 51 76 78 16 38 73 28 30 92 90 93 1 : 3067.94
0 85 86 97 72 71 57 58 60 82 83 84 64 63 47 54 32 31 33 55 81 51 50 78 16 38 73 28 30 92 90 93 1 : 3109.06
0 85 86 97 72 71 57 58 60 82 83 84 64 63 47 54 32 31 33 55 81 51 76 14 16 38 73 28 30 61 1 : 3055.47
0 85 86 97 72 71 57 58 60 82 83 84 64 63 47 54 32 31 33 55 81 51 76 14 16 34 29 28 30 92 90 93 1 : 3051.5


Description: env_cubicles2.graphml:alg_Random Neighborhood Avoidance:radius_0.02:dist_300
 Found 10 of 10 requested paths.
	shortest path length is 2566.86
	longest path length is 3109.06 (1.21123 times as long)
	mean distance to nearest neighbor is 461.242
 Completed in 0.33 seconds


0 85 86 97 72 71 57 35 36 46 54 32 31 33 55 81 51 76 14 16 38 73 28 30 92 90 93 1 : 2566.86
0 85 86 97 72 71 57 58 60 82 83 84 64 63 47 54 32 31 33 55 81 51 76 14 16 38 73 28 30 92 90 93 1 : 3041.42
0 85 86 97 72 71 57 35 36 46 54 32 31 33 55 81 51 76 78 16 38 73 28 30 92 90 93 1 : 2593.38
0 85 86 97 72 71 57 35 36 46 54 32 31 33 55 81 51 76 14 16 38 73 28 30 61 1 : 2580.91
0 85 86 97 72 71 57 35 36 46 54 32 31 33 55 81 51 76 14 16 34 29 28 30 92 90 93 1 : 2576.94
0 85 86 97 72 71 57 35 36 46 54 32 31 33 55 81 51 50 78 16 38 73 28 30 92 90 93 1 : 2634.5
0 85 86 97 72 71 57 58 60 82 83 84 64 63 47 54 32 31 33 55 81 51 76 14 16 38 73 28 30 61 1 : 3055.47
0 85 86 97 72 71 57 58 60 82 83 84 64 63 47 54 32 31 33 55 81 51 50 17 78 16 38 73 28 30 92 90 93 1 : 3157.55
0 85 86 97 72 71 57 58 60 82 83 84 64 63 47 54 32 31 33 55 81 51 50 78 16 38 73 28 30 92 90 93 1 : 3109.06
0 85 86 97 72 71 57 58 60 82 83 84 64 63 47 54 32 31 33 55 81 51 76 14 16 34 29 28 30 92 90 93 1 : 3051.5


Description: env_cubicles2.graphml:alg_Random Neighborhood Avoidance:radius_0.0225:length_3500
 Found 10 of 10 requested paths.
	shortest path length is 2566.86
	longest path length is 3157.55 (1.23012 times as long)
	mean distance to nearest neighbor is 452.262
 Completed in 0.39 seconds


0 85 86 97 72 71 57 35 36 46 54 32 31 33 55 81 51 76 14 16 38 73 28 30 92 90 93 1 : 2566.86
0 85 86 97 72 71 57 35 36 46 54 32 31 33 55 81 51 76 78 16 38 73 28 30 92 90 93 1 : 2593.38
0 85 86 97 72 71 57 58 60 82 83 84 64 63 47 54 32 31 33 55 81 51 76 14 16 38 73 28 30 92 90 93 1 : 3041.42
0 85 86 97 72 71 57 35 36 46 54 32 31 33 55 81 51 76 14 16 34 29 28 30 92 90 93 1 : 2576.94
0 85 86 97 72 71 57 35 36 46 54 32 31 33 55 81 51 76 78 16 34 29 28 30 92 90 93 1 : 2603.46
0 85 86 97 72 71 57 35 36 46 54 32 31 33 55 81 51 76 78 16 38 73 28 30 61 1 : 2607.42
0 85 86 97 72 71 57 58 60 82 83 84 64 63 47 54 32 31 33 55 81 51 76 78 16 38 73 28 30 92 90 93 1 : 3067.94
0 85 86 97 72 71 57 35 36 46 54 32 31 33 55 81 51 50 78 16 38 73 28 30 92 90 93 1 : 2634.5
0 85 86 97 72 71 57 58 60 82 83 84 64 63 47 54 32 31 33 55 81 51 76 78 16 34 29 28 30 92 90 93 1 : 3078.02
0 85 86 97 72 71 57 35 36 46 54 32 31 33 55 81 51 76 78 16 34 29 28 30 61 1 : 2617.51


Description: env_cubicles2.graphml:alg_Random Neighborhood Avoidance:radius_0.0225:dist_300
 Found 10 of 10 requested paths.
	shortest path length is 2566.86
	longest path length is 3078.02 (1.19914 times as long)
	mean distance to nearest neighbor is 431.742
 Completed in 3.57 seconds


0 85 86 97 72 71 57 35 36 46 54 32 31 33 55 81 51 76 14 16 38 73 28 30 92 90 93 1 : 2566.86
0 85 86 97 72 71 57 35 36 46 54 32 31 33 55 81 51 76 14 16 34 29 28 30 92 90 93 1 : 2576.94
0 85 86 97 72 71 57 35 36 46 54 32 31 33 55 81 51 76 14 16 38 73 28 30 61 1 : 2580.91
0 85 86 97 72 71 57 58 60 82 83 84 64 63 47 54 32 31 33 55 81 51 76 14 16 38 73 28 30 92 90 93 1 : 3041.42
0 85 86 97 72 71 57 35 36 46 54 32 31 33 55 81 51 76 78 16 38 73 28 30 92 90 93 1 : 2593.38
0 85 86 97 72 71 57 35 36 46 54 32 31 33 55 81 51 50 78 16 38 73 28 30 92 90 93 1 : 2634.5
0 85 86 97 72 71 57 35 36 46 54 32 31 33 55 81 51 76 78 16 34 29 28 30 92 90 93 1 : 2603.46
0 85 86 97 72 71 57 58 60 82 83 84 64 63 47 54 32 31 33 55 81 51 76 14 16 34 29 28 30 92 90 93 1 : 3051.5
0 85 86 97 72 71 57 35 36 46 54 32 31 33 55 81 51 76 14 16 34 29 28 30 61 1 : 2590.99
0 85 86 97 72 71 57 35 36 46 54 32 31 33 55 81 51 50 78 16 34 29 28 30 92 90 93 1 : 2644.59


Description: env_cubicles2.graphml:alg_Random Neighborhood Avoidance:radius_0.025:length_3500
 Found 10 of 10 requested paths.
	shortest path length is 2566.86
	longest path length is 3051.5 (1.18881 times as long)
	mean distance to nearest neighbor is 461.242
 Completed in 0.64 seconds


0 85 86 97 72 71 57 35 36 46 54 32 31 33 55 81 51 76 14 16 38 73 28 30 92 90 93 1 : 2566.86
0 85 86 97 72 71 57 35 36 46 54 32 31 33 55 81 51 76 14 16 34 29 28 30 92 90 93 1 : 2576.94
0 85 86 97 72 71 57 58 60 82 83 84 64 63 47 54 32 31 33 55 81 51 76 14 16 38 73 28 30 92 90 93 1 : 3041.42
0 85 86 97 72 71 57 35 36 46 54 32 31 33 55 81 51 76 78 16 38 73 28 30 92 90 93 1 : 2593.38
0 85 86 97 72 71 57 35 36 46 54 32 31 33 55 81 51 76 14 16 38 73 28 30 61 1 : 2580.91
0 85 86 97 72 71 57 58 60 82 83 84 64 63 47 54 32 31 33 55 81 51 76 14 16 34 29 28 30 92 90 93 1 : 3051.5
0 85 86 97 72 71 57 35 36 46 54 32 31 33 55 81 51 76 14 16 34 29 28 30 61 1 : 2590.99
0 85 86 97 72 71 57 35 36 46 54 32 31 33 55 81 51 76 78 16 34 29 28 30 92 90 93 1 : 2603.46
0 85 86 97 72 71 57 35 36 46 54 32 31 33 55 81 51 50 78 16 34 29 28 30 92 90 93 1 : 2644.59
0 85 86 97 72 71 57 58 60 82 83 84 64 63 47 54 32 31 33 55 81 51 76 14 16 34 29 28 30 61 1 : 3065.55


Description: env_cubicles2.graphml:alg_Random Neighborhood Avoidance:radius_0.025:dist_300
 Found 10 of 10 requested paths.
	shortest path length is 2566.86
	longest path length is 3065.55 (1.19428 times as long)
	mean distance to nearest neighbor is 462.655
 Completed in 2.65 seconds


0 85 86 97 72 71 57 35 36 46 54 32 31 33 55 81 51 76 14 16 38 73 28 30 92 90 93 1 : 2566.86
0 85 86 97 72 71 57 35 36 46 54 32 31 33 55 81 51 76 14 16 38 73 28 30 61 1 : 2580.91
0 85 86 97 72 71 57 58 60 82 83 84 64 63 47 54 32 31 33 55 81 51 76 14 16 38 73 28 30 92 90 93 1 : 3041.42
0 85 86 97 72 71 57 58 60 82 83 84 64 63 47 54 32 31 33 55 81 51 76 14 16 38 73 28 30 61 1 : 3055.47
0 85 86 97 72 71 57 35 36 46 54 32 31 33 55 81 51 50 17 15 14 16 38 73 28 30 61 1 : 2844.56
0 85 86 97 72 71 57 58 60 82 83 84 64 63 47 54 32 31 33 55 81 51 76 78 16 38 73 28 30 61 1 : 3081.98
0 85 86 97 72 71 57 58 60 82 83 84 64 63 47 54 32 31 33 55 81 51 50 17 15 14 16 38 73 28 30 61 1 : 3319.12


Description: env_cubicles2.graphml:alg_Random Neighborhood Avoidance:radius_0.0275:length_3500
 Found 7 of 10 requested paths.
	shortest path length is 2566.86
	longest path length is 3319.12 (1.29307 times as long)
	mean distance to nearest neighbor is 509.047
 Completed in 262.58 seconds


0 85 86 97 72 71 57 35 36 46 54 32 31 33 55 81 51 76 14 16 38 73 28 30 92 90 93 1 : 2566.86
0 85 86 97 72 71 57 35 36 46 54 32 31 33 55 81 51 76 14 16 38 73 28 30 61 1 : 2580.91
0 85 86 97 72 71 57 58 60 82 83 84 64 63 47 54 32 31 33 55 81 51 76 14 16 38 73 28 30 92 90 93 1 : 3041.42
0 85 86 97 72 71 57 35 36 46 54 32 31 33 55 81 51 50 17 15 14 16 38 73 28 30 92 90 93 1 : 2830.51
0 85 86 97 72 71 57 58 60 82 83 84 64 63 47 54 32 31 33 55 81 51 76 14 16 38 73 28 30 61 1 : 3055.47
0 85 86 97 72 71 57 58 60 82 83 84 64 63 47 54 32 31 33 55 81 51 50 17 15 14 16 38 73 28 30 61 1 : 3319.12
0 85 86 97 72 71 57 58 60 82 83 84 64 63 47 54 32 31 33 55 81 51 76 78 16 38 73 28 30 61 1 : 3081.98


Description: env_cubicles2.graphml:alg_Random Neighborhood Avoidance:radius_0.0275:dist_300
 Found 7 of 10 requested paths.
	shortest path length is 2566.86
	longest path length is 3319.12 (1.29307 times as long)
	mean distance to nearest neighbor is 509.047
 Completed in 70.79 seconds


0 85 86 97 72 71 57 35 36 46 54 32 31 33 55 81 51 76 14 16 38 73 28 30 92 90 93 1 : 2566.86
0 85 86 97 72 71 57 58 60 82 83 84 64 63 47 54 32 31 33 55 81 51 76 14 16 38 73 28 30 92 90 93 1 : 3041.42


Description: env_cubicles2.graphml:alg_Random Neighborhood Avoidance:radius_0.03:length_3500
 Found 2 of 10 requested paths.
	shortest path length is 2566.86
	longest path length is 3041.42 (1.18488 times as long)
	mean distance to nearest neighbor is 1241.66
 Completed in 0.63 seconds


0 85 86 97 72 71 57 35 36 46 54 32 31 33 55 81 51 76 14 16 38 73 28 30 92 90 93 1 : 2566.86
0 85 86 97 72 71 57 58 60 82 83 84 64 63 47 54 32 31 33 55 81 51 76 14 16 38 73 28 30 92 90 93 1 : 3041.42


Description: env_cubicles2.graphml:alg_Random Neighborhood Avoidance:radius_0.03:dist_300
 Found 2 of 10 requested paths.
	shortest path length is 2566.86
	longest path length is 3041.42 (1.18488 times as long)
	mean distance to nearest neighbor is 1241.66
 Completed in 0.99 seconds


0 85 86 97 72 71 57 35 36 46 54 32 31 33 55 81 51 76 14 16 38 73 28 30 92 90 93 1 : 2566.86
0 85 86 97 72 71 57 58 60 82 83 84 64 63 47 54 32 31 33 55 81 51 76 14 16 38 73 28 30 92 90 93 1 : 3041.42


Description: env_cubicles2.graphml:alg_Random Neighborhood Avoidance:radius_0.0325:length_3500
 Found 2 of 10 requested paths.
	shortest path length is 2566.86
	longest path length is 3041.42 (1.18488 times as long)
	mean distance to nearest neighbor is 1241.66
 Completed in 0.74 seconds


0 85 86 97 72 71 57 35 36 46 54 32 31 33 55 81 51 76 14 16 38 73 28 30 92 90 93 1 : 2566.86
0 85 86 97 72 71 57 58 60 82 83 84 64 63 47 54 32 31 33 55 81 51 76 14 16 38 73 28 30 92 90 93 1 : 3041.42


Description: env_cubicles2.graphml:alg_Random Neighborhood Avoidance:radius_0.0325:dist_300
 Found 2 of 10 requested paths.
	shortest path length is 2566.86
	longest path length is 3041.42 (1.18488 times as long)
	mean distance to nearest neighbor is 1241.66
 Completed in 1.11 seconds


0 85 86 97 72 71 57 35 36 46 54 32 31 33 55 81 51 76 14 16 38 73 28 30 92 90 93 1 : 2566.86
0 85 86 97 72 71 57 58 60 82 83 84 64 63 47 54 32 31 33 55 81 51 76 14 16 38 73 28 30 92 90 93 1 : 3041.42


Description: env_cubicles2.graphml:alg_Random Neighborhood Avoidance:radius_0.035:length_3500
 Found 2 of 10 requested paths.
	shortest path length is 2566.86
	longest path length is 3041.42 (1.18488 times as long)
	mean distance to nearest neighbor is 1241.66
 Completed in 1.6 seconds


0 85 86 97 72 71 57 35 36 46 54 32 31 33 55 81 51 76 14 16 38 73 28 30 92 90 93 1 : 2566.86
0 85 86 97 72 71 57 58 60 82 83 84 64 63 47 54 32 31 33 55 81 51 76 14 16 38 73 28 30 92 90 93 1 : 3041.42


Description: env_cubicles2.graphml:alg_Random Neighborhood Avoidance:radius_0.035:dist_300
 Found 2 of 10 requested paths.
	shortest path length is 2566.86
	longest path length is 3041.42 (1.18488 times as long)
	mean distance to nearest neighbor is 1241.66
 Completed in 0.41 seconds


0 85 86 97 72 71 57 35 36 46 54 32 31 33 55 81 51 76 14 16 38 73 28 30 92 90 93 1 : 2566.86
0 85 86 97 72 71 57 58 60 82 83 84 64 63 47 54 32 31 33 55 81 51 76 14 16 38 73 28 30 92 90 93 1 : 3041.42


Description: env_cubicles2.graphml:alg_Random Neighborhood Avoidance:radius_0.0375:length_3500
 Found 2 of 10 requested paths.
	shortest path length is 2566.86
	longest path length is 3041.42 (1.18488 times as long)
	mean distance to nearest neighbor is 1241.66
 Completed in 0.74 seconds


0 85 86 97 72 71 57 35 36 46 54 32 31 33 55 81 51 76 14 16 38 73 28 30 92 90 93 1 : 2566.86
0 85 86 97 72 71 57 58 60 82 83 84 64 63 47 54 32 31 33 55 81 51 76 14 16 38 73 28 30 92 90 93 1 : 3041.42


Description: env_cubicles2.graphml:alg_Random Neighborhood Avoidance:radius_0.0375:dist_300
 Found 2 of 10 requested paths.
	shortest path length is 2566.86
	longest path length is 3041.42 (1.18488 times as long)
	mean distance to nearest neighbor is 1241.66
 Completed in 1.26 seconds


0 85 86 97 72 71 57 35 36 46 54 32 31 33 55 81 51 76 14 16 38 73 28 30 92 90 93 1 : 2566.86
0 85 86 97 72 71 57 58 60 82 83 84 64 63 47 54 32 31 33 55 81 51 76 14 16 38 73 28 30 92 90 93 1 : 3041.42


Description: env_cubicles2.graphml:alg_Random Neighborhood Avoidance:radius_0.04:length_3500
 Found 2 of 10 requested paths.
	shortest path length is 2566.86
	longest path length is 3041.42 (1.18488 times as long)
	mean distance to nearest neighbor is 1241.66
 Completed in 0.25 seconds


0 85 86 97 72 71 57 35 36 46 54 32 31 33 55 81 51 76 14 16 38 73 28 30 92 90 93 1 : 2566.86
0 85 86 97 72 71 57 58 60 82 83 84 64 63 47 54 32 31 33 55 81 51 76 14 16 38 73 28 30 92 90 93 1 : 3041.42


Description: env_cubicles2.graphml:alg_Random Neighborhood Avoidance:radius_0.04:dist_300
 Found 2 of 10 requested paths.
	shortest path length is 2566.86
	longest path length is 3041.42 (1.18488 times as long)
	mean distance to nearest neighbor is 1241.66
 Completed in 0.57 seconds


0 85 86 97 72 71 57 35 36 46 54 32 31 33 55 81 51 76 14 16 38 73 28 30 92 90 93 1 : 2566.86
0 85 86 97 72 71 57 58 60 82 83 84 64 63 47 54 32 31 33 55 81 51 76 14 16 38 73 28 30 92 90 93 1 : 3041.42


Description: env_cubicles2.graphml:alg_Random Neighborhood Avoidance:radius_0.0425:length_3500
 Found 2 of 10 requested paths.
	shortest path length is 2566.86
	longest path length is 3041.42 (1.18488 times as long)
	mean distance to nearest neighbor is 1241.66
 Completed in 0.41 seconds


0 85 86 97 72 71 57 35 36 46 54 32 31 33 55 81 51 76 14 16 38 73 28 30 92 90 93 1 : 2566.86
0 85 86 97 72 71 57 58 60 82 83 84 64 63 47 54 32 31 33 55 81 51 76 14 16 38 73 28 30 92 90 93 1 : 3041.42


Description: env_cubicles2.graphml:alg_Random Neighborhood Avoidance:radius_0.0425:dist_300
 Found 2 of 10 requested paths.
	shortest path length is 2566.86
	longest path length is 3041.42 (1.18488 times as long)
	mean distance to nearest neighbor is 1241.66
 Completed in 0.41 seconds


0 85 86 97 72 71 57 35 36 46 54 32 31 33 55 81 51 76 14 16 38 73 28 30 92 90 93 1 : 2566.86
0 85 86 97 72 71 57 58 60 82 83 84 64 63 47 54 32 31 33 55 81 51 76 14 16 38 73 28 30 92 90 93 1 : 3041.42


Description: env_cubicles2.graphml:alg_Random Neighborhood Avoidance:radius_0.045:length_3500
 Found 2 of 10 requested paths.
	shortest path length is 2566.86
	longest path length is 3041.42 (1.18488 times as long)
	mean distance to nearest neighbor is 1241.66
 Completed in 0.58 seconds


0 85 86 97 72 71 57 35 36 46 54 32 31 33 55 81 51 76 14 16 38 73 28 30 92 90 93 1 : 2566.86
0 85 86 97 72 71 57 58 60 82 83 84 64 63 47 54 32 31 33 55 81 51 76 14 16 38 73 28 30 92 90 93 1 : 3041.42


Description: env_cubicles2.graphml:alg_Random Neighborhood Avoidance:radius_0.045:dist_300
 Found 2 of 10 requested paths.
	shortest path length is 2566.86
	longest path length is 3041.42 (1.18488 times as long)
	mean distance to nearest neighbor is 1241.66
 Completed in 0.74 seconds


0 85 86 97 72 71 57 35 36 46 54 32 31 33 55 81 51 76 14 16 38 73 28 30 92 90 93 1 : 2566.86
0 85 86 97 72 71 57 58 60 82 83 84 64 63 47 54 32 31 33 55 81 51 76 14 16 38 73 28 30 92 90 93 1 : 3041.42


Description: env_cubicles2.graphml:alg_Random Neighborhood Avoidance:radius_0.0475:length_3500
 Found 2 of 10 requested paths.
	shortest path length is 2566.86
	longest path length is 3041.42 (1.18488 times as long)
	mean distance to nearest neighbor is 1241.66
 Completed in 1.06 seconds


0 85 86 97 72 71 57 35 36 46 54 32 31 33 55 81 51 76 14 16 38 73 28 30 92 90 93 1 : 2566.86
0 85 86 97 72 71 57 58 60 82 83 84 64 63 47 54 32 31 33 55 81 51 76 14 16 38 73 28 30 92 90 93 1 : 3041.42


Description: env_cubicles2.graphml:alg_Random Neighborhood Avoidance:radius_0.0475:dist_300
 Found 2 of 10 requested paths.
	shortest path length is 2566.86
	longest path length is 3041.42 (1.18488 times as long)
	mean distance to nearest neighbor is 1241.66
 Completed in 0.56 seconds


0 85 86 97 72 71 57 35 36 46 54 32 31 33 55 81 51 76 14 16 38 73 28 30 92 90 93 1 : 2566.86
0 85 86 97 72 71 57 58 60 82 83 84 64 63 47 54 32 31 33 55 81 51 76 14 16 38 73 28 30 92 90 93 1 : 3041.42


Description: env_cubicles2.graphml:alg_Random Neighborhood Avoidance:radius_0.05:length_3500
 Found 2 of 10 requested paths.
	shortest path length is 2566.86
	longest path length is 3041.42 (1.18488 times as long)
	mean distance to nearest neighbor is 1241.66
 Completed in 0.41 seconds


0 85 86 97 72 71 57 35 36 46 54 32 31 33 55 81 51 76 14 16 38 73 28 30 92 90 93 1 : 2566.86
0 85 86 97 72 71 57 58 60 82 83 84 64 63 47 54 32 31 33 55 81 51 76 14 16 38 73 28 30 92 90 93 1 : 3041.42


Description: env_cubicles2.graphml:alg_Random Neighborhood Avoidance:radius_0.05:dist_300
 Found 2 of 10 requested paths.
	shortest path length is 2566.86
	longest path length is 3041.42 (1.18488 times as long)
	mean distance to nearest neighbor is 1241.66
 Completed in 0.72 seconds


